{"C:\\Users\\3yD3R\\Downloads\\Proyect_SaludYaOld\\Proyect_SaludYa\\backend\\app.js": {"path":"C:\\Users\\3yD3R\\Downloads\\Proyect_SaludYaOld\\Proyect_SaludYa\\backend\\app.js","statementMap":{"0":{"start":{"line":1,"column":16},"end":{"line":1,"column":34}},"1":{"start":{"line":2,"column":13},"end":{"line":2,"column":28}},"2":{"start":{"line":3,"column":13},"end":{"line":3,"column":28}},"3":{"start":{"line":5,"column":19},"end":{"line":5,"column":56}},"4":{"start":{"line":7,"column":22},"end":{"line":9,"column":1}},"5":{"start":{"line":11,"column":28},"end":{"line":13,"column":1}},"6":{"start":{"line":15,"column":27},"end":{"line":17,"column":1}},"7":{"start":{"line":19,"column":26},"end":{"line":21,"column":1}},"8":{"start":{"line":24,"column":26},"end":{"line":26,"column":1}},"9":{"start":{"line":28,"column":23},"end":{"line":30,"column":1}},"10":{"start":{"line":32,"column":19},"end":{"line":34,"column":1}},"11":{"start":{"line":36,"column":23},"end":{"line":38,"column":1}},"12":{"start":{"line":40,"column":20},"end":{"line":42,"column":1}},"13":{"start":{"line":44,"column":22},"end":{"line":46,"column":1}},"14":{"start":{"line":48,"column":24},"end":{"line":50,"column":1}},"15":{"start":{"line":52,"column":12},"end":{"line":52,"column":21}},"16":{"start":{"line":54,"column":0},"end":{"line":54,"column":16}},"17":{"start":{"line":55,"column":0},"end":{"line":55,"column":24}},"18":{"start":{"line":57,"column":0},"end":{"line":60,"column":2}},"19":{"start":{"line":62,"column":0},"end":{"line":66,"column":3}},"20":{"start":{"line":63,"column":2},"end":{"line":65,"column":5}},"21":{"start":{"line":68,"column":0},"end":{"line":68,"column":33}},"22":{"start":{"line":70,"column":0},"end":{"line":70,"column":40}},"23":{"start":{"line":72,"column":0},"end":{"line":72,"column":52}},"24":{"start":{"line":74,"column":0},"end":{"line":74,"column":42}},"25":{"start":{"line":76,"column":0},"end":{"line":76,"column":34}},"26":{"start":{"line":78,"column":0},"end":{"line":78,"column":42}},"27":{"start":{"line":80,"column":0},"end":{"line":80,"column":37}},"28":{"start":{"line":82,"column":0},"end":{"line":82,"column":40}},"29":{"start":{"line":84,"column":0},"end":{"line":84,"column":44}},"30":{"start":{"line":86,"column":0},"end":{"line":86,"column":51}},"31":{"start":{"line":88,"column":0},"end":{"line":88,"column":48}},"32":{"start":{"line":90,"column":0},"end":{"line":90,"column":48}},"33":{"start":{"line":92,"column":0},"end":{"line":92,"column":21}}},"fnMap":{"0":{"name":"(anonymous_0)","decl":{"start":{"line":62,"column":13},"end":{"line":62,"column":14}},"loc":{"start":{"line":62,"column":27},"end":{"line":66,"column":1}},"line":62}},"branchMap":{},"s":{"0":1,"1":1,"2":1,"3":1,"4":1,"5":1,"6":1,"7":1,"8":1,"9":1,"10":1,"11":1,"12":1,"13":1,"14":1,"15":1,"16":1,"17":1,"18":1,"19":1,"20":1,"21":1,"22":1,"23":1,"24":1,"25":1,"26":1,"27":1,"28":1,"29":1,"30":1,"31":1,"32":1,"33":1},"f":{"0":1},"b":{},"_coverageSchema":"1a1c01bbd47fc00a2c39e90264f33305004495a9","hash":"6c27ed670af2c3835627523c51d051ad3c37c02c"}
,"C:\\Users\\3yD3R\\Downloads\\Proyect_SaludYaOld\\Proyect_SaludYa\\backend\\modules\\admision\\paciente.controller.js": {"path":"C:\\Users\\3yD3R\\Downloads\\Proyect_SaludYaOld\\Proyect_SaludYa\\backend\\modules\\admision\\paciente.controller.js","statementMap":{"0":{"start":{"line":1,"column":16},"end":{"line":1,"column":45}},"1":{"start":{"line":4,"column":2},"end":{"line":4,"column":23}},"2":{"start":{"line":4,"column":14},"end":{"line":4,"column":23}},"3":{"start":{"line":6,"column":14},"end":{"line":6,"column":24}},"4":{"start":{"line":7,"column":21},"end":{"line":7,"column":36}},"5":{"start":{"line":9,"column":13},"end":{"line":9,"column":57}},"6":{"start":{"line":10,"column":14},"end":{"line":10,"column":52}},"7":{"start":{"line":12,"column":2},"end":{"line":14,"column":3}},"8":{"start":{"line":13,"column":4},"end":{"line":13,"column":11}},"9":{"start":{"line":16,"column":2},"end":{"line":16,"column":30}},"10":{"start":{"line":20,"column":2},"end":{"line":78,"column":3}},"11":{"start":{"line":21,"column":17},"end":{"line":21,"column":32}},"12":{"start":{"line":23,"column":4},"end":{"line":36,"column":5}},"13":{"start":{"line":32,"column":6},"end":{"line":35,"column":9}},"14":{"start":{"line":38,"column":19},"end":{"line":41,"column":5}},"15":{"start":{"line":43,"column":4},"end":{"line":48,"column":5}},"16":{"start":{"line":44,"column":6},"end":{"line":47,"column":9}},"17":{"start":{"line":50,"column":4},"end":{"line":50,"column":51}},"18":{"start":{"line":52,"column":4},"end":{"line":54,"column":5}},"19":{"start":{"line":53,"column":6},"end":{"line":53,"column":31}},"20":{"start":{"line":56,"column":21},"end":{"line":56,"column":54}},"21":{"start":{"line":58,"column":4},"end":{"line":62,"column":7}},"22":{"start":{"line":64,"column":4},"end":{"line":64,"column":53}},"23":{"start":{"line":66,"column":4},"end":{"line":71,"column":5}},"24":{"start":{"line":67,"column":6},"end":{"line":70,"column":9}},"25":{"start":{"line":73,"column":4},"end":{"line":77,"column":7}},"26":{"start":{"line":82,"column":2},"end":{"line":105,"column":3}},"27":{"start":{"line":83,"column":57},"end":{"line":83,"column":67}},"28":{"start":{"line":85,"column":21},"end":{"line":88,"column":5}},"29":{"start":{"line":90,"column":4},"end":{"line":95,"column":5}},"30":{"start":{"line":91,"column":6},"end":{"line":94,"column":9}},"31":{"start":{"line":97,"column":4},"end":{"line":97,"column":50}},"32":{"start":{"line":99,"column":4},"end":{"line":99,"column":54}},"33":{"start":{"line":100,"column":4},"end":{"line":104,"column":7}},"34":{"start":{"line":108,"column":2},"end":{"line":123,"column":3}},"35":{"start":{"line":109,"column":22},"end":{"line":109,"column":54}},"36":{"start":{"line":111,"column":4},"end":{"line":114,"column":7}},"37":{"start":{"line":116,"column":4},"end":{"line":116,"column":56}},"38":{"start":{"line":118,"column":4},"end":{"line":122,"column":7}},"39":{"start":{"line":127,"column":2},"end":{"line":196,"column":3}},"40":{"start":{"line":128,"column":19},"end":{"line":128,"column":29}},"41":{"start":{"line":129,"column":17},"end":{"line":129,"column":32}},"42":{"start":{"line":131,"column":4},"end":{"line":144,"column":5}},"43":{"start":{"line":140,"column":6},"end":{"line":143,"column":9}},"44":{"start":{"line":146,"column":4},"end":{"line":148,"column":5}},"45":{"start":{"line":147,"column":6},"end":{"line":147,"column":53}},"46":{"start":{"line":150,"column":4},"end":{"line":152,"column":5}},"47":{"start":{"line":151,"column":6},"end":{"line":151,"column":31}},"48":{"start":{"line":155,"column":22},"end":{"line":158,"column":5}},"49":{"start":{"line":160,"column":4},"end":{"line":165,"column":5}},"50":{"start":{"line":161,"column":6},"end":{"line":164,"column":9}},"51":{"start":{"line":167,"column":21},"end":{"line":167,"column":63}},"52":{"start":{"line":169,"column":4},"end":{"line":174,"column":5}},"53":{"start":{"line":170,"column":6},"end":{"line":173,"column":9}},"54":{"start":{"line":176,"column":4},"end":{"line":180,"column":7}},"55":{"start":{"line":182,"column":4},"end":{"line":182,"column":58}},"56":{"start":{"line":184,"column":4},"end":{"line":189,"column":5}},"57":{"start":{"line":185,"column":6},"end":{"line":188,"column":9}},"58":{"start":{"line":191,"column":4},"end":{"line":195,"column":7}},"59":{"start":{"line":199,"column":0},"end":{"line":204,"column":2}}},"fnMap":{"0":{"name":"calcularEdad","decl":{"start":{"line":3,"column":9},"end":{"line":3,"column":21}},"loc":{"start":{"line":3,"column":29},"end":{"line":17,"column":1}},"line":3},"1":{"name":"crearPaciente","decl":{"start":{"line":19,"column":15},"end":{"line":19,"column":28}},"loc":{"start":{"line":19,"column":39},"end":{"line":79,"column":1}},"line":19},"2":{"name":"buscarPacientePorDocumento","decl":{"start":{"line":81,"column":15},"end":{"line":81,"column":41}},"loc":{"start":{"line":81,"column":52},"end":{"line":106,"column":1}},"line":81},"3":{"name":"obtenerPacientes","decl":{"start":{"line":107,"column":15},"end":{"line":107,"column":31}},"loc":{"start":{"line":107,"column":42},"end":{"line":124,"column":1}},"line":107},"4":{"name":"actualizarPaciente","decl":{"start":{"line":126,"column":15},"end":{"line":126,"column":33}},"loc":{"start":{"line":126,"column":44},"end":{"line":197,"column":1}},"line":126}},"branchMap":{"0":{"loc":{"start":{"line":4,"column":2},"end":{"line":4,"column":23}},"type":"if","locations":[{"start":{"line":4,"column":2},"end":{"line":4,"column":23}},{"start":{},"end":{}}],"line":4},"1":{"loc":{"start":{"line":12,"column":2},"end":{"line":14,"column":3}},"type":"if","locations":[{"start":{"line":12,"column":2},"end":{"line":14,"column":3}},{"start":{},"end":{}}],"line":12},"2":{"loc":{"start":{"line":12,"column":6},"end":{"line":12,"column":68}},"type":"binary-expr","locations":[{"start":{"line":12,"column":6},"end":{"line":12,"column":13}},{"start":{"line":12,"column":18},"end":{"line":12,"column":27}},{"start":{"line":12,"column":31},"end":{"line":12,"column":67}}],"line":12},"3":{"loc":{"start":{"line":16,"column":9},"end":{"line":16,"column":29}},"type":"cond-expr","locations":[{"start":{"line":16,"column":21},"end":{"line":16,"column":25}},{"start":{"line":16,"column":28},"end":{"line":16,"column":29}}],"line":16},"4":{"loc":{"start":{"line":23,"column":4},"end":{"line":36,"column":5}},"type":"if","locations":[{"start":{"line":23,"column":4},"end":{"line":36,"column":5}},{"start":{},"end":{}}],"line":23},"5":{"loc":{"start":{"line":24,"column":6},"end":{"line":30,"column":16}},"type":"binary-expr","locations":[{"start":{"line":24,"column":6},"end":{"line":24,"column":19}},{"start":{"line":25,"column":6},"end":{"line":25,"column":30}},{"start":{"line":26,"column":6},"end":{"line":26,"column":32}},{"start":{"line":27,"column":6},"end":{"line":27,"column":18}},{"start":{"line":28,"column":6},"end":{"line":28,"column":21}},{"start":{"line":29,"column":6},"end":{"line":29,"column":27}},{"start":{"line":30,"column":6},"end":{"line":30,"column":16}}],"line":24},"6":{"loc":{"start":{"line":43,"column":4},"end":{"line":48,"column":5}},"type":"if","locations":[{"start":{"line":43,"column":4},"end":{"line":48,"column":5}},{"start":{},"end":{}}],"line":43},"7":{"loc":{"start":{"line":52,"column":4},"end":{"line":54,"column":5}},"type":"if","locations":[{"start":{"line":52,"column":4},"end":{"line":54,"column":5}},{"start":{},"end":{}}],"line":52},"8":{"loc":{"start":{"line":66,"column":4},"end":{"line":71,"column":5}},"type":"if","locations":[{"start":{"line":66,"column":4},"end":{"line":71,"column":5}},{"start":{},"end":{}}],"line":66},"9":{"loc":{"start":{"line":90,"column":4},"end":{"line":95,"column":5}},"type":"if","locations":[{"start":{"line":90,"column":4},"end":{"line":95,"column":5}},{"start":{},"end":{}}],"line":90},"10":{"loc":{"start":{"line":131,"column":4},"end":{"line":144,"column":5}},"type":"if","locations":[{"start":{"line":131,"column":4},"end":{"line":144,"column":5}},{"start":{},"end":{}}],"line":131},"11":{"loc":{"start":{"line":132,"column":6},"end":{"line":138,"column":16}},"type":"binary-expr","locations":[{"start":{"line":132,"column":6},"end":{"line":132,"column":19}},{"start":{"line":133,"column":6},"end":{"line":133,"column":30}},{"start":{"line":134,"column":6},"end":{"line":134,"column":32}},{"start":{"line":135,"column":6},"end":{"line":135,"column":18}},{"start":{"line":136,"column":6},"end":{"line":136,"column":21}},{"start":{"line":137,"column":6},"end":{"line":137,"column":27}},{"start":{"line":138,"column":6},"end":{"line":138,"column":16}}],"line":132},"12":{"loc":{"start":{"line":146,"column":4},"end":{"line":148,"column":5}},"type":"if","locations":[{"start":{"line":146,"column":4},"end":{"line":148,"column":5}},{"start":{},"end":{}}],"line":146},"13":{"loc":{"start":{"line":150,"column":4},"end":{"line":152,"column":5}},"type":"if","locations":[{"start":{"line":150,"column":4},"end":{"line":152,"column":5}},{"start":{},"end":{}}],"line":150},"14":{"loc":{"start":{"line":160,"column":4},"end":{"line":165,"column":5}},"type":"if","locations":[{"start":{"line":160,"column":4},"end":{"line":165,"column":5}},{"start":{},"end":{}}],"line":160},"15":{"loc":{"start":{"line":160,"column":8},"end":{"line":160,"column":57}},"type":"binary-expr","locations":[{"start":{"line":160,"column":8},"end":{"line":160,"column":17}},{"start":{"line":160,"column":21},"end":{"line":160,"column":57}}],"line":160},"16":{"loc":{"start":{"line":169,"column":4},"end":{"line":174,"column":5}},"type":"if","locations":[{"start":{"line":169,"column":4},"end":{"line":174,"column":5}},{"start":{},"end":{}}],"line":169},"17":{"loc":{"start":{"line":184,"column":4},"end":{"line":189,"column":5}},"type":"if","locations":[{"start":{"line":184,"column":4},"end":{"line":189,"column":5}},{"start":{},"end":{}}],"line":184}},"s":{"0":1,"1":0,"2":0,"3":0,"4":0,"5":0,"6":0,"7":0,"8":0,"9":0,"10":0,"11":0,"12":0,"13":0,"14":0,"15":0,"16":0,"17":0,"18":0,"19":0,"20":0,"21":0,"22":0,"23":0,"24":0,"25":0,"26":0,"27":0,"28":0,"29":0,"30":0,"31":0,"32":0,"33":0,"34":1,"35":1,"36":0,"37":0,"38":0,"39":0,"40":0,"41":0,"42":0,"43":0,"44":0,"45":0,"46":0,"47":0,"48":0,"49":0,"50":0,"51":0,"52":0,"53":0,"54":0,"55":0,"56":0,"57":0,"58":0,"59":1},"f":{"0":0,"1":0,"2":0,"3":1,"4":0},"b":{"0":[0,0],"1":[0,0],"2":[0,0,0],"3":[0,0],"4":[0,0],"5":[0,0,0,0,0,0,0],"6":[0,0],"7":[0,0],"8":[0,0],"9":[0,0],"10":[0,0],"11":[0,0,0,0,0,0,0],"12":[0,0],"13":[0,0],"14":[0,0],"15":[0,0],"16":[0,0],"17":[0,0]},"_coverageSchema":"1a1c01bbd47fc00a2c39e90264f33305004495a9","hash":"f1bb37c5589421a17188e13b0b15c0ea83faa90b"}
,"C:\\Users\\3yD3R\\Downloads\\Proyect_SaludYaOld\\Proyect_SaludYa\\backend\\modules\\admision\\paciente.model.js": {"path":"C:\\Users\\3yD3R\\Downloads\\Proyect_SaludYaOld\\Proyect_SaludYa\\backend\\modules\\admision\\paciente.model.js","statementMap":{"0":{"start":{"line":1,"column":17},"end":{"line":1,"column":36}},"1":{"start":{"line":3,"column":23},"end":{"line":55,"column":1}},"2":{"start":{"line":57,"column":0},"end":{"line":60,"column":2}},"3":{"start":{"line":62,"column":0},"end":{"line":62,"column":60}}},"fnMap":{},"branchMap":{},"s":{"0":1,"1":1,"2":1,"3":1},"f":{},"b":{},"_coverageSchema":"1a1c01bbd47fc00a2c39e90264f33305004495a9","hash":"7fa360a8c0960e32b938cc75e8dc2d62df5756cf"}
,"C:\\Users\\3yD3R\\Downloads\\Proyect_SaludYaOld\\Proyect_SaludYa\\backend\\modules\\admision\\paciente.routes.js": {"path":"C:\\Users\\3yD3R\\Downloads\\Proyect_SaludYaOld\\Proyect_SaludYa\\backend\\modules\\admision\\paciente.routes.js","statementMap":{"0":{"start":{"line":1,"column":15},"end":{"line":1,"column":42}},"1":{"start":{"line":2,"column":19},"end":{"line":2,"column":51}},"2":{"start":{"line":5,"column":0},"end":{"line":5,"column":43}},"3":{"start":{"line":8,"column":0},"end":{"line":8,"column":45}},"4":{"start":{"line":11,"column":0},"end":{"line":14,"column":2}},"5":{"start":{"line":17,"column":0},"end":{"line":17,"column":50}},"6":{"start":{"line":19,"column":0},"end":{"line":19,"column":24}}},"fnMap":{},"branchMap":{},"s":{"0":1,"1":1,"2":1,"3":1,"4":1,"5":1,"6":1},"f":{},"b":{},"_coverageSchema":"1a1c01bbd47fc00a2c39e90264f33305004495a9","hash":"ed026f2b4cdf46a53bc847cb739d6fc9911572ba"}
,"C:\\Users\\3yD3R\\Downloads\\Proyect_SaludYaOld\\Proyect_SaludYa\\backend\\modules\\admision\\paciente.service.js": {"path":"C:\\Users\\3yD3R\\Downloads\\Proyect_SaludYaOld\\Proyect_SaludYa\\backend\\modules\\admision\\paciente.service.js","statementMap":{"0":{"start":{"line":1,"column":17},"end":{"line":1,"column":44}},"1":{"start":{"line":3,"column":22},"end":{"line":3,"column":53}},"2":{"start":{"line":3,"column":32},"end":{"line":3,"column":53}},"3":{"start":{"line":5,"column":25},"end":{"line":6,"column":41}},"4":{"start":{"line":6,"column":2},"end":{"line":6,"column":41}},"5":{"start":{"line":8,"column":35},"end":{"line":12,"column":4}},"6":{"start":{"line":9,"column":2},"end":{"line":12,"column":4}},"7":{"start":{"line":14,"column":27},"end":{"line":18,"column":4}},"8":{"start":{"line":15,"column":2},"end":{"line":18,"column":4}},"9":{"start":{"line":20,"column":0},"end":{"line":25,"column":2}}},"fnMap":{"0":{"name":"(anonymous_0)","decl":{"start":{"line":3,"column":22},"end":{"line":3,"column":23}},"loc":{"start":{"line":3,"column":32},"end":{"line":3,"column":53}},"line":3},"1":{"name":"(anonymous_1)","decl":{"start":{"line":5,"column":25},"end":{"line":5,"column":26}},"loc":{"start":{"line":6,"column":2},"end":{"line":6,"column":41}},"line":6},"2":{"name":"(anonymous_2)","decl":{"start":{"line":8,"column":35},"end":{"line":8,"column":36}},"loc":{"start":{"line":9,"column":2},"end":{"line":12,"column":4}},"line":9},"3":{"name":"(anonymous_3)","decl":{"start":{"line":14,"column":27},"end":{"line":14,"column":28}},"loc":{"start":{"line":15,"column":2},"end":{"line":18,"column":4}},"line":15}},"branchMap":{},"s":{"0":1,"1":1,"2":0,"3":1,"4":1,"5":1,"6":0,"7":1,"8":0,"9":1},"f":{"0":0,"1":1,"2":0,"3":0},"b":{},"_coverageSchema":"1a1c01bbd47fc00a2c39e90264f33305004495a9","hash":"783bceae77d3d1528fdd38e284ff860d843ef109"}
,"C:\\Users\\3yD3R\\Downloads\\Proyect_SaludYaOld\\Proyect_SaludYa\\backend\\modules\\auth\\auth.controller.js": {"path":"C:\\Users\\3yD3R\\Downloads\\Proyect_SaludYaOld\\Proyect_SaludYa\\backend\\modules\\auth\\auth.controller.js","statementMap":{"0":{"start":{"line":1,"column":25},"end":{"line":1,"column":51}},"1":{"start":{"line":2,"column":16},"end":{"line":2,"column":57}},"2":{"start":{"line":4,"column":0},"end":{"line":30,"column":2}},"3":{"start":{"line":5,"column":33},"end":{"line":5,"column":41}},"4":{"start":{"line":6,"column":18},"end":{"line":6,"column":77}},"5":{"start":{"line":8,"column":2},"end":{"line":13,"column":3}},"6":{"start":{"line":9,"column":4},"end":{"line":12,"column":7}},"7":{"start":{"line":15,"column":16},"end":{"line":15,"column":37}},"8":{"start":{"line":17,"column":2},"end":{"line":29,"column":5}}},"fnMap":{"0":{"name":"(anonymous_0)","decl":{"start":{"line":4,"column":16},"end":{"line":4,"column":17}},"loc":{"start":{"line":4,"column":36},"end":{"line":30,"column":1}},"line":4}},"branchMap":{"0":{"loc":{"start":{"line":8,"column":2},"end":{"line":13,"column":3}},"type":"if","locations":[{"start":{"line":8,"column":2},"end":{"line":13,"column":3}},{"start":{},"end":{}}],"line":8}},"s":{"0":1,"1":1,"2":1,"3":0,"4":0,"5":0,"6":0,"7":0,"8":0},"f":{"0":0},"b":{"0":[0,0]},"_coverageSchema":"1a1c01bbd47fc00a2c39e90264f33305004495a9","hash":"6be065066dc07e634b9b80543322aaf17403bc0a"}
,"C:\\Users\\3yD3R\\Downloads\\Proyect_SaludYaOld\\Proyect_SaludYa\\backend\\modules\\auth\\auth.routes.js": {"path":"C:\\Users\\3yD3R\\Downloads\\Proyect_SaludYaOld\\Proyect_SaludYa\\backend\\modules\\auth\\auth.routes.js","statementMap":{"0":{"start":{"line":1,"column":15},"end":{"line":1,"column":42}},"1":{"start":{"line":2,"column":19},"end":{"line":2,"column":47}},"2":{"start":{"line":4,"column":0},"end":{"line":4,"column":40}},"3":{"start":{"line":6,"column":0},"end":{"line":6,"column":24}}},"fnMap":{},"branchMap":{},"s":{"0":1,"1":1,"2":1,"3":1},"f":{},"b":{},"_coverageSchema":"1a1c01bbd47fc00a2c39e90264f33305004495a9","hash":"ab0d10ad494747d59c5cf08c2bc8f6cefee2aa3c"}
,"C:\\Users\\3yD3R\\Downloads\\Proyect_SaludYaOld\\Proyect_SaludYa\\backend\\modules\\citas\\cita.controller.js": {"path":"C:\\Users\\3yD3R\\Downloads\\Proyect_SaludYaOld\\Proyect_SaludYa\\backend\\modules\\citas\\cita.controller.js","statementMap":{"0":{"start":{"line":1,"column":16},"end":{"line":1,"column":41}},"1":{"start":{"line":3,"column":0},"end":{"line":17,"column":2}},"2":{"start":{"line":4,"column":2},"end":{"line":16,"column":3}},"3":{"start":{"line":5,"column":17},"end":{"line":5,"column":46}},"4":{"start":{"line":7,"column":4},"end":{"line":10,"column":7}},"5":{"start":{"line":12,"column":4},"end":{"line":15,"column":7}},"6":{"start":{"line":19,"column":0},"end":{"line":35,"column":2}},"7":{"start":{"line":20,"column":2},"end":{"line":34,"column":3}},"8":{"start":{"line":21,"column":22},"end":{"line":21,"column":31}},"9":{"start":{"line":23,"column":18},"end":{"line":23,"column":45}},"10":{"start":{"line":25,"column":4},"end":{"line":28,"column":7}},"11":{"start":{"line":30,"column":4},"end":{"line":33,"column":7}},"12":{"start":{"line":37,"column":0},"end":{"line":54,"column":2}},"13":{"start":{"line":38,"column":2},"end":{"line":53,"column":3}},"14":{"start":{"line":39,"column":17},"end":{"line":42,"column":5}},"15":{"start":{"line":44,"column":4},"end":{"line":47,"column":7}},"16":{"start":{"line":49,"column":4},"end":{"line":52,"column":7}},"17":{"start":{"line":56,"column":0},"end":{"line":74,"column":2}},"18":{"start":{"line":57,"column":2},"end":{"line":73,"column":3}},"19":{"start":{"line":58,"column":17},"end":{"line":62,"column":5}},"20":{"start":{"line":64,"column":4},"end":{"line":67,"column":7}},"21":{"start":{"line":69,"column":4},"end":{"line":72,"column":7}},"22":{"start":{"line":76,"column":0},"end":{"line":98,"column":2}},"23":{"start":{"line":78,"column":2},"end":{"line":97,"column":3}},"24":{"start":{"line":80,"column":17},"end":{"line":83,"column":5}},"25":{"start":{"line":85,"column":4},"end":{"line":88,"column":7}},"26":{"start":{"line":92,"column":4},"end":{"line":95,"column":7}}},"fnMap":{"0":{"name":"(anonymous_0)","decl":{"start":{"line":3,"column":20},"end":{"line":3,"column":21}},"loc":{"start":{"line":3,"column":40},"end":{"line":17,"column":1}},"line":3},"1":{"name":"(anonymous_1)","decl":{"start":{"line":19,"column":23},"end":{"line":19,"column":24}},"loc":{"start":{"line":19,"column":43},"end":{"line":35,"column":1}},"line":19},"2":{"name":"(anonymous_2)","decl":{"start":{"line":37,"column":27},"end":{"line":37,"column":28}},"loc":{"start":{"line":37,"column":47},"end":{"line":54,"column":1}},"line":37},"3":{"name":"(anonymous_3)","decl":{"start":{"line":56,"column":26},"end":{"line":56,"column":27}},"loc":{"start":{"line":56,"column":46},"end":{"line":74,"column":1}},"line":56},"4":{"name":"(anonymous_4)","decl":{"start":{"line":76,"column":21},"end":{"line":76,"column":22}},"loc":{"start":{"line":76,"column":41},"end":{"line":98,"column":1}},"line":76}},"branchMap":{},"s":{"0":1,"1":1,"2":0,"3":0,"4":0,"5":0,"6":1,"7":0,"8":0,"9":0,"10":0,"11":0,"12":1,"13":0,"14":0,"15":0,"16":0,"17":1,"18":0,"19":0,"20":0,"21":0,"22":1,"23":0,"24":0,"25":0,"26":0},"f":{"0":0,"1":0,"2":0,"3":0,"4":0},"b":{},"_coverageSchema":"1a1c01bbd47fc00a2c39e90264f33305004495a9","hash":"2168b7cd5166207b99eea0e589a38f2bc78ed827"}
,"C:\\Users\\3yD3R\\Downloads\\Proyect_SaludYaOld\\Proyect_SaludYa\\backend\\modules\\citas\\cita.model.js": {"path":"C:\\Users\\3yD3R\\Downloads\\Proyect_SaludYaOld\\Proyect_SaludYa\\backend\\modules\\citas\\cita.model.js","statementMap":{"0":{"start":{"line":1,"column":17},"end":{"line":1,"column":36}},"1":{"start":{"line":3,"column":19},"end":{"line":69,"column":1}},"2":{"start":{"line":71,"column":0},"end":{"line":71,"column":52}}},"fnMap":{},"branchMap":{},"s":{"0":1,"1":1,"2":1},"f":{},"b":{},"_coverageSchema":"1a1c01bbd47fc00a2c39e90264f33305004495a9","hash":"855026493ed245356427dd7a9e0566916938fad3"}
,"C:\\Users\\3yD3R\\Downloads\\Proyect_SaludYaOld\\Proyect_SaludYa\\backend\\modules\\citas\\cita.routes.js": {"path":"C:\\Users\\3yD3R\\Downloads\\Proyect_SaludYaOld\\Proyect_SaludYa\\backend\\modules\\citas\\cita.routes.js","statementMap":{"0":{"start":{"line":1,"column":15},"end":{"line":1,"column":42}},"1":{"start":{"line":3,"column":19},"end":{"line":3,"column":47}},"2":{"start":{"line":5,"column":0},"end":{"line":5,"column":39}},"3":{"start":{"line":7,"column":0},"end":{"line":7,"column":41}},"4":{"start":{"line":9,"column":0},"end":{"line":9,"column":55}},"5":{"start":{"line":11,"column":0},"end":{"line":11,"column":59}},"6":{"start":{"line":12,"column":0},"end":{"line":12,"column":42}},"7":{"start":{"line":13,"column":0},"end":{"line":13,"column":24}}},"fnMap":{},"branchMap":{},"s":{"0":1,"1":1,"2":1,"3":1,"4":1,"5":1,"6":1,"7":1},"f":{},"b":{},"_coverageSchema":"1a1c01bbd47fc00a2c39e90264f33305004495a9","hash":"1aaa9c008a9ef5839c18520518c4e552c1322bdf"}
,"C:\\Users\\3yD3R\\Downloads\\Proyect_SaludYaOld\\Proyect_SaludYa\\backend\\modules\\citas\\cita.service.js": {"path":"C:\\Users\\3yD3R\\Downloads\\Proyect_SaludYaOld\\Proyect_SaludYa\\backend\\modules\\citas\\cita.service.js","statementMap":{"0":{"start":{"line":1,"column":13},"end":{"line":1,"column":36}},"1":{"start":{"line":3,"column":0},"end":{"line":16,"column":2}},"2":{"start":{"line":4,"column":17},"end":{"line":9,"column":4}},"3":{"start":{"line":11,"column":2},"end":{"line":13,"column":3}},"4":{"start":{"line":12,"column":4},"end":{"line":12,"column":62}},"5":{"start":{"line":15,"column":2},"end":{"line":15,"column":27}},"6":{"start":{"line":18,"column":0},"end":{"line":24,"column":2}},"7":{"start":{"line":19,"column":2},"end":{"line":21,"column":3}},"8":{"start":{"line":20,"column":4},"end":{"line":20,"column":50}},"9":{"start":{"line":23,"column":2},"end":{"line":23,"column":45}},"10":{"start":{"line":26,"column":0},"end":{"line":32,"column":2}},"11":{"start":{"line":27,"column":2},"end":{"line":31,"column":4}},"12":{"start":{"line":34,"column":0},"end":{"line":62,"column":2}},"13":{"start":{"line":35,"column":21},"end":{"line":35,"column":44}},"14":{"start":{"line":37,"column":2},"end":{"line":39,"column":3}},"15":{"start":{"line":38,"column":4},"end":{"line":38,"column":42}},"16":{"start":{"line":41,"column":17},"end":{"line":47,"column":4}},"17":{"start":{"line":49,"column":2},"end":{"line":51,"column":3}},"18":{"start":{"line":50,"column":4},"end":{"line":50,"column":63}},"19":{"start":{"line":53,"column":2},"end":{"line":61,"column":4}},"20":{"start":{"line":64,"column":0},"end":{"line":85,"column":2}},"21":{"start":{"line":66,"column":17},"end":{"line":72,"column":4}},"22":{"start":{"line":74,"column":2},"end":{"line":78,"column":3}},"23":{"start":{"line":75,"column":4},"end":{"line":77,"column":6}},"24":{"start":{"line":80,"column":2},"end":{"line":84,"column":4}}},"fnMap":{"0":{"name":"(anonymous_0)","decl":{"start":{"line":3,"column":16},"end":{"line":3,"column":17}},"loc":{"start":{"line":3,"column":32},"end":{"line":16,"column":1}},"line":3},"1":{"name":"(anonymous_1)","decl":{"start":{"line":18,"column":17},"end":{"line":18,"column":18}},"loc":{"start":{"line":18,"column":34},"end":{"line":24,"column":1}},"line":18},"2":{"name":"(anonymous_2)","decl":{"start":{"line":26,"column":27},"end":{"line":26,"column":28}},"loc":{"start":{"line":26,"column":49},"end":{"line":32,"column":1}},"line":26},"3":{"name":"(anonymous_3)","decl":{"start":{"line":34,"column":22},"end":{"line":34,"column":23}},"loc":{"start":{"line":34,"column":49},"end":{"line":62,"column":1}},"line":34},"4":{"name":"(anonymous_4)","decl":{"start":{"line":64,"column":17},"end":{"line":64,"column":18}},"loc":{"start":{"line":64,"column":37},"end":{"line":85,"column":1}},"line":64}},"branchMap":{"0":{"loc":{"start":{"line":11,"column":2},"end":{"line":13,"column":3}},"type":"if","locations":[{"start":{"line":11,"column":2},"end":{"line":13,"column":3}},{"start":{},"end":{}}],"line":11},"1":{"loc":{"start":{"line":19,"column":2},"end":{"line":21,"column":3}},"type":"if","locations":[{"start":{"line":19,"column":2},"end":{"line":21,"column":3}},{"start":{},"end":{}}],"line":19},"2":{"loc":{"start":{"line":37,"column":2},"end":{"line":39,"column":3}},"type":"if","locations":[{"start":{"line":37,"column":2},"end":{"line":39,"column":3}},{"start":{},"end":{}}],"line":37},"3":{"loc":{"start":{"line":49,"column":2},"end":{"line":51,"column":3}},"type":"if","locations":[{"start":{"line":49,"column":2},"end":{"line":51,"column":3}},{"start":{},"end":{}}],"line":49},"4":{"loc":{"start":{"line":74,"column":2},"end":{"line":78,"column":3}},"type":"if","locations":[{"start":{"line":74,"column":2},"end":{"line":78,"column":3}},{"start":{},"end":{}}],"line":74}},"s":{"0":1,"1":1,"2":0,"3":0,"4":0,"5":0,"6":1,"7":0,"8":0,"9":0,"10":1,"11":0,"12":1,"13":0,"14":0,"15":0,"16":0,"17":0,"18":0,"19":0,"20":1,"21":0,"22":0,"23":0,"24":0},"f":{"0":0,"1":0,"2":0,"3":0,"4":0},"b":{"0":[0,0],"1":[0,0],"2":[0,0],"3":[0,0],"4":[0,0]},"_coverageSchema":"1a1c01bbd47fc00a2c39e90264f33305004495a9","hash":"c70ae8f0937dc5c3e44768483076080e42766d97"}
,"C:\\Users\\3yD3R\\Downloads\\Proyect_SaludYaOld\\Proyect_SaludYa\\backend\\modules\\configuracion\\usuario.controller.js": {"path":"C:\\Users\\3yD3R\\Downloads\\Proyect_SaludYaOld\\Proyect_SaludYa\\backend\\modules\\configuracion\\usuario.controller.js","statementMap":{"0":{"start":{"line":1,"column":16},"end":{"line":1,"column":44}},"1":{"start":{"line":2,"column":22},"end":{"line":2,"column":58}},"2":{"start":{"line":4,"column":0},"end":{"line":93,"column":2}},"3":{"start":{"line":5,"column":2},"end":{"line":92,"column":3}},"4":{"start":{"line":17,"column":8},"end":{"line":17,"column":16}},"5":{"start":{"line":19,"column":4},"end":{"line":32,"column":5}},"6":{"start":{"line":28,"column":6},"end":{"line":31,"column":9}},"7":{"start":{"line":34,"column":4},"end":{"line":39,"column":5}},"8":{"start":{"line":35,"column":6},"end":{"line":38,"column":9}},"9":{"start":{"line":41,"column":27},"end":{"line":41,"column":68}},"10":{"start":{"line":43,"column":4},"end":{"line":48,"column":5}},"11":{"start":{"line":44,"column":6},"end":{"line":47,"column":9}},"12":{"start":{"line":50,"column":25},"end":{"line":50,"column":62}},"13":{"start":{"line":52,"column":4},"end":{"line":57,"column":5}},"14":{"start":{"line":53,"column":6},"end":{"line":56,"column":9}},"15":{"start":{"line":59,"column":19},"end":{"line":59,"column":51}},"16":{"start":{"line":61,"column":20},"end":{"line":72,"column":6}},"17":{"start":{"line":74,"column":4},"end":{"line":78,"column":7}},"18":{"start":{"line":80,"column":4},"end":{"line":85,"column":5}},"19":{"start":{"line":81,"column":6},"end":{"line":84,"column":9}},"20":{"start":{"line":87,"column":4},"end":{"line":91,"column":7}},"21":{"start":{"line":95,"column":0},"end":{"line":110,"column":2}},"22":{"start":{"line":96,"column":2},"end":{"line":109,"column":3}},"23":{"start":{"line":97,"column":21},"end":{"line":97,"column":43}},"24":{"start":{"line":99,"column":4},"end":{"line":102,"column":7}},"25":{"start":{"line":104,"column":4},"end":{"line":108,"column":7}},"26":{"start":{"line":112,"column":0},"end":{"line":142,"column":2}},"27":{"start":{"line":113,"column":2},"end":{"line":141,"column":3}},"28":{"start":{"line":114,"column":19},"end":{"line":114,"column":29}},"29":{"start":{"line":116,"column":20},"end":{"line":116,"column":49}},"30":{"start":{"line":118,"column":4},"end":{"line":123,"column":5}},"31":{"start":{"line":119,"column":6},"end":{"line":122,"column":9}},"32":{"start":{"line":125,"column":4},"end":{"line":125,"column":37}},"33":{"start":{"line":126,"column":4},"end":{"line":126,"column":25}},"34":{"start":{"line":128,"column":4},"end":{"line":134,"column":7}},"35":{"start":{"line":136,"column":4},"end":{"line":140,"column":7}},"36":{"start":{"line":144,"column":0},"end":{"line":179,"column":2}},"37":{"start":{"line":145,"column":2},"end":{"line":178,"column":3}},"38":{"start":{"line":146,"column":19},"end":{"line":146,"column":29}},"39":{"start":{"line":147,"column":25},"end":{"line":147,"column":33}},"40":{"start":{"line":149,"column":4},"end":{"line":154,"column":5}},"41":{"start":{"line":150,"column":6},"end":{"line":153,"column":9}},"42":{"start":{"line":156,"column":20},"end":{"line":156,"column":49}},"43":{"start":{"line":158,"column":4},"end":{"line":163,"column":5}},"44":{"start":{"line":159,"column":6},"end":{"line":162,"column":9}},"45":{"start":{"line":165,"column":4},"end":{"line":165,"column":47}},"46":{"start":{"line":166,"column":4},"end":{"line":166,"column":25}},"47":{"start":{"line":168,"column":4},"end":{"line":171,"column":7}},"48":{"start":{"line":173,"column":4},"end":{"line":177,"column":7}},"49":{"start":{"line":181,"column":0},"end":{"line":215,"column":2}},"50":{"start":{"line":182,"column":2},"end":{"line":214,"column":3}},"51":{"start":{"line":184,"column":19},"end":{"line":184,"column":29}},"52":{"start":{"line":186,"column":20},"end":{"line":186,"column":49}},"53":{"start":{"line":188,"column":4},"end":{"line":193,"column":5}},"54":{"start":{"line":189,"column":6},"end":{"line":192,"column":9}},"55":{"start":{"line":195,"column":4},"end":{"line":195,"column":29}},"56":{"start":{"line":197,"column":4},"end":{"line":197,"column":25}},"57":{"start":{"line":199,"column":4},"end":{"line":203,"column":7}},"58":{"start":{"line":207,"column":4},"end":{"line":212,"column":7}},"59":{"start":{"line":217,"column":0},"end":{"line":236,"column":2}},"60":{"start":{"line":218,"column":2},"end":{"line":235,"column":3}},"61":{"start":{"line":220,"column":21},"end":{"line":220,"column":50}},"62":{"start":{"line":222,"column":4},"end":{"line":225,"column":7}},"63":{"start":{"line":229,"column":4},"end":{"line":233,"column":7}}},"fnMap":{"0":{"name":"(anonymous_0)","decl":{"start":{"line":4,"column":23},"end":{"line":4,"column":24}},"loc":{"start":{"line":4,"column":43},"end":{"line":93,"column":1}},"line":4},"1":{"name":"(anonymous_1)","decl":{"start":{"line":95,"column":26},"end":{"line":95,"column":27}},"loc":{"start":{"line":95,"column":46},"end":{"line":110,"column":1}},"line":95},"2":{"name":"(anonymous_2)","decl":{"start":{"line":112,"column":31},"end":{"line":112,"column":32}},"loc":{"start":{"line":112,"column":51},"end":{"line":142,"column":1}},"line":112},"3":{"name":"(anonymous_3)","decl":{"start":{"line":144,"column":26},"end":{"line":144,"column":27}},"loc":{"start":{"line":144,"column":46},"end":{"line":179,"column":1}},"line":144},"4":{"name":"(anonymous_4)","decl":{"start":{"line":181,"column":24},"end":{"line":181,"column":25}},"loc":{"start":{"line":181,"column":44},"end":{"line":215,"column":1}},"line":181},"5":{"name":"(anonymous_5)","decl":{"start":{"line":217,"column":25},"end":{"line":217,"column":26}},"loc":{"start":{"line":217,"column":45},"end":{"line":236,"column":1}},"line":217}},"branchMap":{"0":{"loc":{"start":{"line":19,"column":4},"end":{"line":32,"column":5}},"type":"if","locations":[{"start":{"line":19,"column":4},"end":{"line":32,"column":5}},{"start":{},"end":{}}],"line":19},"1":{"loc":{"start":{"line":20,"column":6},"end":{"line":26,"column":11}},"type":"binary-expr","locations":[{"start":{"line":20,"column":6},"end":{"line":20,"column":15}},{"start":{"line":21,"column":6},"end":{"line":21,"column":13}},{"start":{"line":22,"column":6},"end":{"line":22,"column":15}},{"start":{"line":23,"column":6},"end":{"line":23,"column":22}},{"start":{"line":24,"column":6},"end":{"line":24,"column":13}},{"start":{"line":25,"column":6},"end":{"line":25,"column":18}},{"start":{"line":26,"column":6},"end":{"line":26,"column":11}}],"line":20},"2":{"loc":{"start":{"line":34,"column":4},"end":{"line":39,"column":5}},"type":"if","locations":[{"start":{"line":34,"column":4},"end":{"line":39,"column":5}},{"start":{},"end":{}}],"line":34},"3":{"loc":{"start":{"line":43,"column":4},"end":{"line":48,"column":5}},"type":"if","locations":[{"start":{"line":43,"column":4},"end":{"line":48,"column":5}},{"start":{},"end":{}}],"line":43},"4":{"loc":{"start":{"line":52,"column":4},"end":{"line":57,"column":5}},"type":"if","locations":[{"start":{"line":52,"column":4},"end":{"line":57,"column":5}},{"start":{},"end":{}}],"line":52},"5":{"loc":{"start":{"line":64,"column":16},"end":{"line":64,"column":30}},"type":"binary-expr","locations":[{"start":{"line":64,"column":16},"end":{"line":64,"column":24}},{"start":{"line":64,"column":28},"end":{"line":64,"column":30}}],"line":64},"6":{"loc":{"start":{"line":67,"column":16},"end":{"line":67,"column":30}},"type":"binary-expr","locations":[{"start":{"line":67,"column":16},"end":{"line":67,"column":24}},{"start":{"line":67,"column":28},"end":{"line":67,"column":30}}],"line":67},"7":{"loc":{"start":{"line":71,"column":14},"end":{"line":71,"column":45}},"type":"cond-expr","locations":[{"start":{"line":71,"column":33},"end":{"line":71,"column":38}},{"start":{"line":71,"column":41},"end":{"line":71,"column":45}}],"line":71},"8":{"loc":{"start":{"line":80,"column":4},"end":{"line":85,"column":5}},"type":"if","locations":[{"start":{"line":80,"column":4},"end":{"line":85,"column":5}},{"start":{},"end":{}}],"line":80},"9":{"loc":{"start":{"line":118,"column":4},"end":{"line":123,"column":5}},"type":"if","locations":[{"start":{"line":118,"column":4},"end":{"line":123,"column":5}},{"start":{},"end":{}}],"line":118},"10":{"loc":{"start":{"line":130,"column":15},"end":{"line":132,"column":43}},"type":"cond-expr","locations":[{"start":{"line":131,"column":10},"end":{"line":131,"column":42}},{"start":{"line":132,"column":10},"end":{"line":132,"column":43}}],"line":130},"11":{"loc":{"start":{"line":149,"column":4},"end":{"line":154,"column":5}},"type":"if","locations":[{"start":{"line":149,"column":4},"end":{"line":154,"column":5}},{"start":{},"end":{}}],"line":149},"12":{"loc":{"start":{"line":149,"column":8},"end":{"line":149,"column":45}},"type":"binary-expr","locations":[{"start":{"line":149,"column":8},"end":{"line":149,"column":17}},{"start":{"line":149,"column":21},"end":{"line":149,"column":45}}],"line":149},"13":{"loc":{"start":{"line":158,"column":4},"end":{"line":163,"column":5}},"type":"if","locations":[{"start":{"line":158,"column":4},"end":{"line":163,"column":5}},{"start":{},"end":{}}],"line":158},"14":{"loc":{"start":{"line":188,"column":4},"end":{"line":193,"column":5}},"type":"if","locations":[{"start":{"line":188,"column":4},"end":{"line":193,"column":5}},{"start":{},"end":{}}],"line":188}},"s":{"0":1,"1":1,"2":1,"3":0,"4":0,"5":0,"6":0,"7":0,"8":0,"9":0,"10":0,"11":0,"12":0,"13":0,"14":0,"15":0,"16":0,"17":0,"18":0,"19":0,"20":0,"21":1,"22":0,"23":0,"24":0,"25":0,"26":1,"27":0,"28":0,"29":0,"30":0,"31":0,"32":0,"33":0,"34":0,"35":0,"36":1,"37":0,"38":0,"39":0,"40":0,"41":0,"42":0,"43":0,"44":0,"45":0,"46":0,"47":0,"48":0,"49":1,"50":0,"51":0,"52":0,"53":0,"54":0,"55":0,"56":0,"57":0,"58":0,"59":1,"60":0,"61":0,"62":0,"63":0},"f":{"0":0,"1":0,"2":0,"3":0,"4":0,"5":0},"b":{"0":[0,0],"1":[0,0,0,0,0,0,0],"2":[0,0],"3":[0,0],"4":[0,0],"5":[0,0],"6":[0,0],"7":[0,0],"8":[0,0],"9":[0,0],"10":[0,0],"11":[0,0],"12":[0,0],"13":[0,0],"14":[0,0]},"_coverageSchema":"1a1c01bbd47fc00a2c39e90264f33305004495a9","hash":"42db6ba15798503015d0e757f19141b840b2a717"}
,"C:\\Users\\3yD3R\\Downloads\\Proyect_SaludYaOld\\Proyect_SaludYa\\backend\\modules\\configuracion\\usuario.model.js": {"path":"C:\\Users\\3yD3R\\Downloads\\Proyect_SaludYaOld\\Proyect_SaludYa\\backend\\modules\\configuracion\\usuario.model.js","statementMap":{"0":{"start":{"line":1,"column":17},"end":{"line":1,"column":36}},"1":{"start":{"line":3,"column":22},"end":{"line":63,"column":1}},"2":{"start":{"line":65,"column":0},"end":{"line":65,"column":58}}},"fnMap":{},"branchMap":{},"s":{"0":1,"1":1,"2":1},"f":{},"b":{},"_coverageSchema":"1a1c01bbd47fc00a2c39e90264f33305004495a9","hash":"81101708c397f34b727bd003abfbf8d1b25790d9"}
,"C:\\Users\\3yD3R\\Downloads\\Proyect_SaludYaOld\\Proyect_SaludYa\\backend\\modules\\configuracion\\usuario.routes.js": {"path":"C:\\Users\\3yD3R\\Downloads\\Proyect_SaludYaOld\\Proyect_SaludYa\\backend\\modules\\configuracion\\usuario.routes.js","statementMap":{"0":{"start":{"line":1,"column":15},"end":{"line":1,"column":42}},"1":{"start":{"line":2,"column":19},"end":{"line":2,"column":50}},"2":{"start":{"line":4,"column":0},"end":{"line":4,"column":44}},"3":{"start":{"line":5,"column":0},"end":{"line":5,"column":42}},"4":{"start":{"line":6,"column":0},"end":{"line":6,"column":50}},"5":{"start":{"line":8,"column":0},"end":{"line":8,"column":61}},"6":{"start":{"line":9,"column":0},"end":{"line":9,"column":58}},"7":{"start":{"line":11,"column":0},"end":{"line":14,"column":2}},"8":{"start":{"line":16,"column":0},"end":{"line":16,"column":24}}},"fnMap":{},"branchMap":{},"s":{"0":1,"1":1,"2":1,"3":1,"4":1,"5":1,"6":1,"7":1,"8":1},"f":{},"b":{},"_coverageSchema":"1a1c01bbd47fc00a2c39e90264f33305004495a9","hash":"e6d364c73054e23cf12ffea70527ec36acbbb027"}
,"C:\\Users\\3yD3R\\Downloads\\Proyect_SaludYaOld\\Proyect_SaludYa\\backend\\modules\\configuracion\\usuario.service.js": {"path":"C:\\Users\\3yD3R\\Downloads\\Proyect_SaludYaOld\\Proyect_SaludYa\\backend\\modules\\configuracion\\usuario.service.js","statementMap":{"0":{"start":{"line":1,"column":16},"end":{"line":1,"column":42}},"1":{"start":{"line":3,"column":0},"end":{"line":3,"column":47}},"2":{"start":{"line":3,"column":26},"end":{"line":3,"column":46}},"3":{"start":{"line":5,"column":0},"end":{"line":5,"column":62}},"4":{"start":{"line":5,"column":23},"end":{"line":5,"column":61}},"5":{"start":{"line":7,"column":0},"end":{"line":11,"column":25}},"6":{"start":{"line":8,"column":2},"end":{"line":11,"column":24}},"7":{"start":{"line":13,"column":0},"end":{"line":14,"column":57}},"8":{"start":{"line":14,"column":2},"end":{"line":14,"column":56}},"9":{"start":{"line":16,"column":0},"end":{"line":17,"column":53}},"10":{"start":{"line":17,"column":2},"end":{"line":17,"column":52}},"11":{"start":{"line":19,"column":0},"end":{"line":19,"column":51}},"12":{"start":{"line":19,"column":30},"end":{"line":19,"column":50}},"13":{"start":{"line":21,"column":0},"end":{"line":25,"column":5}},"14":{"start":{"line":22,"column":2},"end":{"line":25,"column":4}}},"fnMap":{"0":{"name":"(anonymous_0)","decl":{"start":{"line":3,"column":16},"end":{"line":3,"column":17}},"loc":{"start":{"line":3,"column":26},"end":{"line":3,"column":46}},"line":3},"1":{"name":"(anonymous_1)","decl":{"start":{"line":5,"column":17},"end":{"line":5,"column":18}},"loc":{"start":{"line":5,"column":23},"end":{"line":5,"column":61}},"line":5},"2":{"name":"(anonymous_2)","decl":{"start":{"line":7,"column":24},"end":{"line":7,"column":25}},"loc":{"start":{"line":8,"column":2},"end":{"line":11,"column":24}},"line":8},"3":{"name":"(anonymous_3)","decl":{"start":{"line":13,"column":28},"end":{"line":13,"column":29}},"loc":{"start":{"line":14,"column":2},"end":{"line":14,"column":56}},"line":14},"4":{"name":"(anonymous_4)","decl":{"start":{"line":16,"column":26},"end":{"line":16,"column":27}},"loc":{"start":{"line":17,"column":2},"end":{"line":17,"column":52}},"line":17},"5":{"name":"(anonymous_5)","decl":{"start":{"line":19,"column":22},"end":{"line":19,"column":23}},"loc":{"start":{"line":19,"column":30},"end":{"line":19,"column":50}},"line":19},"6":{"name":"(anonymous_6)","decl":{"start":{"line":21,"column":21},"end":{"line":21,"column":22}},"loc":{"start":{"line":22,"column":2},"end":{"line":25,"column":4}},"line":22}},"branchMap":{},"s":{"0":1,"1":1,"2":0,"3":1,"4":0,"5":1,"6":0,"7":1,"8":0,"9":1,"10":0,"11":1,"12":0,"13":1,"14":0},"f":{"0":0,"1":0,"2":0,"3":0,"4":0,"5":0,"6":0},"b":{},"_coverageSchema":"1a1c01bbd47fc00a2c39e90264f33305004495a9","hash":"7ddd60b632f582fdbc046d1bf619a6d913984342"}
,"C:\\Users\\3yD3R\\Downloads\\Proyect_SaludYaOld\\Proyect_SaludYa\\backend\\modules\\configuracion\\laboratorio\\laboratorio.controller.js": {"path":"C:\\Users\\3yD3R\\Downloads\\Proyect_SaludYaOld\\Proyect_SaludYa\\backend\\modules\\configuracion\\laboratorio\\laboratorio.controller.js","statementMap":{"0":{"start":{"line":1,"column":16},"end":{"line":1,"column":48}},"1":{"start":{"line":4,"column":2},"end":{"line":17,"column":3}},"2":{"start":{"line":5,"column":24},"end":{"line":5,"column":64}},"3":{"start":{"line":7,"column":4},"end":{"line":11,"column":7}},"4":{"start":{"line":13,"column":4},"end":{"line":16,"column":7}},"5":{"start":{"line":21,"column":2},"end":{"line":33,"column":3}},"6":{"start":{"line":22,"column":17},"end":{"line":22,"column":52}},"7":{"start":{"line":24,"column":4},"end":{"line":27,"column":7}},"8":{"start":{"line":29,"column":4},"end":{"line":32,"column":7}},"9":{"start":{"line":37,"column":2},"end":{"line":53,"column":3}},"10":{"start":{"line":38,"column":24},"end":{"line":41,"column":5}},"11":{"start":{"line":43,"column":4},"end":{"line":47,"column":7}},"12":{"start":{"line":49,"column":4},"end":{"line":52,"column":7}},"13":{"start":{"line":57,"column":2},"end":{"line":72,"column":3}},"14":{"start":{"line":58,"column":24},"end":{"line":58,"column":77}},"15":{"start":{"line":60,"column":4},"end":{"line":66,"column":7}},"16":{"start":{"line":68,"column":4},"end":{"line":71,"column":7}},"17":{"start":{"line":75,"column":0},"end":{"line":80,"column":2}}},"fnMap":{"0":{"name":"crear","decl":{"start":{"line":3,"column":15},"end":{"line":3,"column":20}},"loc":{"start":{"line":3,"column":31},"end":{"line":18,"column":1}},"line":3},"1":{"name":"obtener","decl":{"start":{"line":20,"column":15},"end":{"line":20,"column":22}},"loc":{"start":{"line":20,"column":33},"end":{"line":34,"column":1}},"line":20},"2":{"name":"actualizar","decl":{"start":{"line":36,"column":15},"end":{"line":36,"column":25}},"loc":{"start":{"line":36,"column":36},"end":{"line":54,"column":1}},"line":36},"3":{"name":"cambiarEstado","decl":{"start":{"line":56,"column":15},"end":{"line":56,"column":28}},"loc":{"start":{"line":56,"column":39},"end":{"line":73,"column":1}},"line":56}},"branchMap":{"0":{"loc":{"start":{"line":63,"column":15},"end":{"line":65,"column":51}},"type":"cond-expr","locations":[{"start":{"line":64,"column":10},"end":{"line":64,"column":48}},{"start":{"line":65,"column":10},"end":{"line":65,"column":51}}],"line":63}},"s":{"0":1,"1":0,"2":0,"3":0,"4":0,"5":0,"6":0,"7":0,"8":0,"9":0,"10":0,"11":0,"12":0,"13":0,"14":0,"15":0,"16":0,"17":1},"f":{"0":0,"1":0,"2":0,"3":0},"b":{"0":[0,0]},"_coverageSchema":"1a1c01bbd47fc00a2c39e90264f33305004495a9","hash":"7be986cdbc56d5b176eaa789b31275b2cf13e2e3"}
,"C:\\Users\\3yD3R\\Downloads\\Proyect_SaludYaOld\\Proyect_SaludYa\\backend\\modules\\configuracion\\laboratorio\\laboratorio.model.js": {"path":"C:\\Users\\3yD3R\\Downloads\\Proyect_SaludYaOld\\Proyect_SaludYa\\backend\\modules\\configuracion\\laboratorio\\laboratorio.model.js","statementMap":{"0":{"start":{"line":1,"column":17},"end":{"line":1,"column":36}},"1":{"start":{"line":3,"column":26},"end":{"line":33,"column":1}},"2":{"start":{"line":35,"column":0},"end":{"line":35,"column":66}}},"fnMap":{},"branchMap":{},"s":{"0":1,"1":1,"2":1},"f":{},"b":{},"_coverageSchema":"1a1c01bbd47fc00a2c39e90264f33305004495a9","hash":"4c1b7da119e345eff08972accdf8b4ad1e84b5c1"}
,"C:\\Users\\3yD3R\\Downloads\\Proyect_SaludYaOld\\Proyect_SaludYa\\backend\\modules\\configuracion\\laboratorio\\laboratorio.routes.js": {"path":"C:\\Users\\3yD3R\\Downloads\\Proyect_SaludYaOld\\Proyect_SaludYa\\backend\\modules\\configuracion\\laboratorio\\laboratorio.routes.js","statementMap":{"0":{"start":{"line":1,"column":15},"end":{"line":1,"column":42}},"1":{"start":{"line":3,"column":19},"end":{"line":3,"column":54}},"2":{"start":{"line":5,"column":0},"end":{"line":5,"column":36}},"3":{"start":{"line":7,"column":0},"end":{"line":7,"column":35}},"4":{"start":{"line":9,"column":0},"end":{"line":9,"column":42}},"5":{"start":{"line":11,"column":0},"end":{"line":11,"column":54}},"6":{"start":{"line":14,"column":0},"end":{"line":14,"column":24}}},"fnMap":{},"branchMap":{},"s":{"0":1,"1":1,"2":1,"3":1,"4":1,"5":1,"6":1},"f":{},"b":{},"_coverageSchema":"1a1c01bbd47fc00a2c39e90264f33305004495a9","hash":"2cab2936d6cbc1732dd16bba2078b38dc9e783e8"}
,"C:\\Users\\3yD3R\\Downloads\\Proyect_SaludYaOld\\Proyect_SaludYa\\backend\\modules\\configuracion\\laboratorio\\laboratorio.service.js": {"path":"C:\\Users\\3yD3R\\Downloads\\Proyect_SaludYaOld\\Proyect_SaludYa\\backend\\modules\\configuracion\\laboratorio\\laboratorio.service.js","statementMap":{"0":{"start":{"line":1,"column":20},"end":{"line":1,"column":50}},"1":{"start":{"line":4,"column":17},"end":{"line":6,"column":4}},"2":{"start":{"line":8,"column":2},"end":{"line":10,"column":3}},"3":{"start":{"line":9,"column":4},"end":{"line":9,"column":43}},"4":{"start":{"line":12,"column":2},"end":{"line":12,"column":40}},"5":{"start":{"line":16,"column":2},"end":{"line":18,"column":5}},"6":{"start":{"line":22,"column":22},"end":{"line":22,"column":52}},"7":{"start":{"line":24,"column":2},"end":{"line":26,"column":3}},"8":{"start":{"line":25,"column":4},"end":{"line":25,"column":49}},"9":{"start":{"line":28,"column":23},"end":{"line":31,"column":4}},"10":{"start":{"line":33,"column":2},"end":{"line":35,"column":3}},"11":{"start":{"line":34,"column":4},"end":{"line":34,"column":65}},"12":{"start":{"line":37,"column":2},"end":{"line":37,"column":35}},"13":{"start":{"line":38,"column":2},"end":{"line":38,"column":35}},"14":{"start":{"line":39,"column":2},"end":{"line":39,"column":35}},"15":{"start":{"line":40,"column":2},"end":{"line":40,"column":35}},"16":{"start":{"line":42,"column":2},"end":{"line":42,"column":27}},"17":{"start":{"line":44,"column":2},"end":{"line":44,"column":21}},"18":{"start":{"line":48,"column":22},"end":{"line":48,"column":52}},"19":{"start":{"line":50,"column":2},"end":{"line":52,"column":3}},"20":{"start":{"line":51,"column":4},"end":{"line":51,"column":49}},"21":{"start":{"line":54,"column":2},"end":{"line":54,"column":43}},"22":{"start":{"line":56,"column":2},"end":{"line":56,"column":27}},"23":{"start":{"line":58,"column":2},"end":{"line":58,"column":21}},"24":{"start":{"line":61,"column":0},"end":{"line":66,"column":2}}},"fnMap":{"0":{"name":"crearLaboratorio","decl":{"start":{"line":3,"column":15},"end":{"line":3,"column":31}},"loc":{"start":{"line":3,"column":38},"end":{"line":13,"column":1}},"line":3},"1":{"name":"obtenerLaboratorios","decl":{"start":{"line":15,"column":15},"end":{"line":15,"column":34}},"loc":{"start":{"line":15,"column":37},"end":{"line":19,"column":1}},"line":15},"2":{"name":"actualizarLaboratorio","decl":{"start":{"line":21,"column":15},"end":{"line":21,"column":36}},"loc":{"start":{"line":21,"column":47},"end":{"line":45,"column":1}},"line":21},"3":{"name":"cambiarEstadoLaboratorio","decl":{"start":{"line":47,"column":15},"end":{"line":47,"column":39}},"loc":{"start":{"line":47,"column":44},"end":{"line":59,"column":1}},"line":47}},"branchMap":{"0":{"loc":{"start":{"line":8,"column":2},"end":{"line":10,"column":3}},"type":"if","locations":[{"start":{"line":8,"column":2},"end":{"line":10,"column":3}},{"start":{},"end":{}}],"line":8},"1":{"loc":{"start":{"line":24,"column":2},"end":{"line":26,"column":3}},"type":"if","locations":[{"start":{"line":24,"column":2},"end":{"line":26,"column":3}},{"start":{},"end":{}}],"line":24},"2":{"loc":{"start":{"line":33,"column":2},"end":{"line":35,"column":3}},"type":"if","locations":[{"start":{"line":33,"column":2},"end":{"line":35,"column":3}},{"start":{},"end":{}}],"line":33},"3":{"loc":{"start":{"line":50,"column":2},"end":{"line":52,"column":3}},"type":"if","locations":[{"start":{"line":50,"column":2},"end":{"line":52,"column":3}},{"start":{},"end":{}}],"line":50}},"s":{"0":1,"1":0,"2":0,"3":0,"4":0,"5":0,"6":0,"7":0,"8":0,"9":0,"10":0,"11":0,"12":0,"13":0,"14":0,"15":0,"16":0,"17":0,"18":0,"19":0,"20":0,"21":0,"22":0,"23":0,"24":1},"f":{"0":0,"1":0,"2":0,"3":0},"b":{"0":[0,0],"1":[0,0],"2":[0,0],"3":[0,0]},"_coverageSchema":"1a1c01bbd47fc00a2c39e90264f33305004495a9","hash":"a597f92a42f893fb0704997058af13b9ab9ccb61"}
,"C:\\Users\\3yD3R\\Downloads\\Proyect_SaludYaOld\\Proyect_SaludYa\\backend\\modules\\configuracion\\medicamentos\\medicamento.controller.js": {"path":"C:\\Users\\3yD3R\\Downloads\\Proyect_SaludYaOld\\Proyect_SaludYa\\backend\\modules\\configuracion\\medicamentos\\medicamento.controller.js","statementMap":{"0":{"start":{"line":1,"column":16},"end":{"line":3,"column":1}},"1":{"start":{"line":7,"column":2},"end":{"line":28,"column":3}},"2":{"start":{"line":10,"column":6},"end":{"line":12,"column":7}},"3":{"start":{"line":14,"column":4},"end":{"line":19,"column":7}},"4":{"start":{"line":23,"column":4},"end":{"line":26,"column":7}},"5":{"start":{"line":34,"column":2},"end":{"line":51,"column":3}},"6":{"start":{"line":37,"column":6},"end":{"line":37,"column":41}},"7":{"start":{"line":39,"column":4},"end":{"line":42,"column":7}},"8":{"start":{"line":46,"column":4},"end":{"line":49,"column":7}},"9":{"start":{"line":57,"column":2},"end":{"line":79,"column":3}},"10":{"start":{"line":60,"column":6},"end":{"line":63,"column":7}},"11":{"start":{"line":65,"column":4},"end":{"line":70,"column":7}},"12":{"start":{"line":74,"column":4},"end":{"line":77,"column":7}},"13":{"start":{"line":85,"column":2},"end":{"line":109,"column":3}},"14":{"start":{"line":88,"column":6},"end":{"line":90,"column":7}},"15":{"start":{"line":92,"column":4},"end":{"line":100,"column":7}},"16":{"start":{"line":104,"column":4},"end":{"line":107,"column":7}},"17":{"start":{"line":113,"column":0},"end":{"line":118,"column":2}}},"fnMap":{"0":{"name":"crear","decl":{"start":{"line":5,"column":15},"end":{"line":5,"column":20}},"loc":{"start":{"line":5,"column":31},"end":{"line":30,"column":1}},"line":5},"1":{"name":"obtener","decl":{"start":{"line":32,"column":15},"end":{"line":32,"column":22}},"loc":{"start":{"line":32,"column":33},"end":{"line":53,"column":1}},"line":32},"2":{"name":"actualizar","decl":{"start":{"line":55,"column":15},"end":{"line":55,"column":25}},"loc":{"start":{"line":55,"column":36},"end":{"line":81,"column":1}},"line":55},"3":{"name":"cambiarEstado","decl":{"start":{"line":83,"column":15},"end":{"line":83,"column":28}},"loc":{"start":{"line":83,"column":39},"end":{"line":111,"column":1}},"line":83}},"branchMap":{"0":{"loc":{"start":{"line":97,"column":8},"end":{"line":99,"column":39}},"type":"cond-expr","locations":[{"start":{"line":98,"column":12},"end":{"line":98,"column":36}},{"start":{"line":99,"column":12},"end":{"line":99,"column":39}}],"line":97}},"s":{"0":1,"1":0,"2":0,"3":0,"4":0,"5":0,"6":0,"7":0,"8":0,"9":0,"10":0,"11":0,"12":0,"13":0,"14":0,"15":0,"16":0,"17":1},"f":{"0":0,"1":0,"2":0,"3":0},"b":{"0":[0,0]},"_coverageSchema":"1a1c01bbd47fc00a2c39e90264f33305004495a9","hash":"f69cfda91249b771ecfaba35873829c9791abb2f"}
,"C:\\Users\\3yD3R\\Downloads\\Proyect_SaludYaOld\\Proyect_SaludYa\\backend\\modules\\configuracion\\medicamentos\\medicamento.model.js": {"path":"C:\\Users\\3yD3R\\Downloads\\Proyect_SaludYaOld\\Proyect_SaludYa\\backend\\modules\\configuracion\\medicamentos\\medicamento.model.js","statementMap":{"0":{"start":{"line":1,"column":17},"end":{"line":1,"column":36}},"1":{"start":{"line":3,"column":26},"end":{"line":49,"column":1}},"2":{"start":{"line":51,"column":0},"end":{"line":54,"column":2}}},"fnMap":{},"branchMap":{},"s":{"0":1,"1":1,"2":1},"f":{},"b":{},"_coverageSchema":"1a1c01bbd47fc00a2c39e90264f33305004495a9","hash":"5747a44c9691996a28930f5f030839ac196efcd6"}
,"C:\\Users\\3yD3R\\Downloads\\Proyect_SaludYaOld\\Proyect_SaludYa\\backend\\modules\\configuracion\\medicamentos\\medicamento.routes.js": {"path":"C:\\Users\\3yD3R\\Downloads\\Proyect_SaludYaOld\\Proyect_SaludYa\\backend\\modules\\configuracion\\medicamentos\\medicamento.routes.js","statementMap":{"0":{"start":{"line":2,"column":2},"end":{"line":2,"column":29}},"1":{"start":{"line":5,"column":2},"end":{"line":7,"column":3}},"2":{"start":{"line":9,"column":0},"end":{"line":12,"column":2}},"3":{"start":{"line":14,"column":0},"end":{"line":17,"column":2}},"4":{"start":{"line":19,"column":0},"end":{"line":22,"column":2}},"5":{"start":{"line":24,"column":0},"end":{"line":27,"column":2}},"6":{"start":{"line":29,"column":0},"end":{"line":29,"column":24}}},"fnMap":{},"branchMap":{},"s":{"0":1,"1":1,"2":1,"3":1,"4":1,"5":1,"6":1},"f":{},"b":{},"_coverageSchema":"1a1c01bbd47fc00a2c39e90264f33305004495a9","hash":"de06467612002448157738b8ce7054e8c7feba5e"}
,"C:\\Users\\3yD3R\\Downloads\\Proyect_SaludYaOld\\Proyect_SaludYa\\backend\\modules\\configuracion\\medicamentos\\medicamento.service.js": {"path":"C:\\Users\\3yD3R\\Downloads\\Proyect_SaludYaOld\\Proyect_SaludYa\\backend\\modules\\configuracion\\medicamentos\\medicamento.service.js","statementMap":{"0":{"start":{"line":1,"column":20},"end":{"line":1,"column":50}},"1":{"start":{"line":5,"column":17},"end":{"line":7,"column":4}},"2":{"start":{"line":9,"column":2},"end":{"line":11,"column":3}},"3":{"start":{"line":10,"column":4},"end":{"line":10,"column":43}},"4":{"start":{"line":13,"column":2},"end":{"line":13,"column":40}},"5":{"start":{"line":18,"column":2},"end":{"line":20,"column":5}},"6":{"start":{"line":27,"column":4},"end":{"line":27,"column":34}},"7":{"start":{"line":29,"column":2},"end":{"line":33,"column":3}},"8":{"start":{"line":30,"column":4},"end":{"line":32,"column":6}},"9":{"start":{"line":36,"column":4},"end":{"line":39,"column":6}},"10":{"start":{"line":41,"column":2},"end":{"line":45,"column":3}},"11":{"start":{"line":42,"column":4},"end":{"line":44,"column":6}},"12":{"start":{"line":47,"column":2},"end":{"line":48,"column":16}},"13":{"start":{"line":50,"column":2},"end":{"line":51,"column":16}},"14":{"start":{"line":53,"column":2},"end":{"line":54,"column":23}},"15":{"start":{"line":56,"column":2},"end":{"line":57,"column":22}},"16":{"start":{"line":59,"column":2},"end":{"line":60,"column":18}},"17":{"start":{"line":62,"column":2},"end":{"line":63,"column":16}},"18":{"start":{"line":65,"column":2},"end":{"line":66,"column":16}},"19":{"start":{"line":68,"column":2},"end":{"line":68,"column":27}},"20":{"start":{"line":70,"column":2},"end":{"line":70,"column":21}},"21":{"start":{"line":77,"column":4},"end":{"line":77,"column":34}},"22":{"start":{"line":79,"column":2},"end":{"line":83,"column":3}},"23":{"start":{"line":80,"column":4},"end":{"line":82,"column":6}},"24":{"start":{"line":85,"column":2},"end":{"line":86,"column":24}},"25":{"start":{"line":88,"column":2},"end":{"line":88,"column":27}},"26":{"start":{"line":90,"column":2},"end":{"line":90,"column":21}},"27":{"start":{"line":94,"column":0},"end":{"line":99,"column":2}}},"fnMap":{"0":{"name":"crearMedicamento","decl":{"start":{"line":3,"column":15},"end":{"line":3,"column":31}},"loc":{"start":{"line":3,"column":38},"end":{"line":14,"column":1}},"line":3},"1":{"name":"obtenerMedicamentos","decl":{"start":{"line":16,"column":15},"end":{"line":16,"column":34}},"loc":{"start":{"line":16,"column":37},"end":{"line":22,"column":1}},"line":16},"2":{"name":"actualizarMedicamento","decl":{"start":{"line":24,"column":15},"end":{"line":24,"column":36}},"loc":{"start":{"line":24,"column":47},"end":{"line":72,"column":1}},"line":24},"3":{"name":"cambiarEstadoMedicamento","decl":{"start":{"line":74,"column":15},"end":{"line":74,"column":39}},"loc":{"start":{"line":74,"column":44},"end":{"line":92,"column":1}},"line":74}},"branchMap":{"0":{"loc":{"start":{"line":9,"column":2},"end":{"line":11,"column":3}},"type":"if","locations":[{"start":{"line":9,"column":2},"end":{"line":11,"column":3}},{"start":{},"end":{}}],"line":9},"1":{"loc":{"start":{"line":29,"column":2},"end":{"line":33,"column":3}},"type":"if","locations":[{"start":{"line":29,"column":2},"end":{"line":33,"column":3}},{"start":{},"end":{}}],"line":29},"2":{"loc":{"start":{"line":41,"column":2},"end":{"line":45,"column":3}},"type":"if","locations":[{"start":{"line":41,"column":2},"end":{"line":45,"column":3}},{"start":{},"end":{}}],"line":41},"3":{"loc":{"start":{"line":79,"column":2},"end":{"line":83,"column":3}},"type":"if","locations":[{"start":{"line":79,"column":2},"end":{"line":83,"column":3}},{"start":{},"end":{}}],"line":79}},"s":{"0":1,"1":0,"2":0,"3":0,"4":0,"5":0,"6":0,"7":0,"8":0,"9":0,"10":0,"11":0,"12":0,"13":0,"14":0,"15":0,"16":0,"17":0,"18":0,"19":0,"20":0,"21":0,"22":0,"23":0,"24":0,"25":0,"26":0,"27":1},"f":{"0":0,"1":0,"2":0,"3":0},"b":{"0":[0,0],"1":[0,0],"2":[0,0],"3":[0,0]},"_coverageSchema":"1a1c01bbd47fc00a2c39e90264f33305004495a9","hash":"014bcad97b97006dabd68667b93b0ea6d5c6dfb4"}
,"C:\\Users\\3yD3R\\Downloads\\Proyect_SaludYaOld\\Proyect_SaludYa\\backend\\modules\\configuracion\\procedimientos\\procedimiento.controller.js": {"path":"C:\\Users\\3yD3R\\Downloads\\Proyect_SaludYaOld\\Proyect_SaludYa\\backend\\modules\\configuracion\\procedimientos\\procedimiento.controller.js","statementMap":{"0":{"start":{"line":1,"column":16},"end":{"line":1,"column":50}},"1":{"start":{"line":4,"column":2},"end":{"line":17,"column":3}},"2":{"start":{"line":5,"column":26},"end":{"line":5,"column":68}},"3":{"start":{"line":7,"column":4},"end":{"line":11,"column":7}},"4":{"start":{"line":13,"column":4},"end":{"line":16,"column":7}},"5":{"start":{"line":21,"column":2},"end":{"line":33,"column":3}},"6":{"start":{"line":22,"column":17},"end":{"line":22,"column":54}},"7":{"start":{"line":24,"column":4},"end":{"line":27,"column":7}},"8":{"start":{"line":29,"column":4},"end":{"line":32,"column":7}},"9":{"start":{"line":37,"column":2},"end":{"line":53,"column":3}},"10":{"start":{"line":38,"column":24},"end":{"line":41,"column":5}},"11":{"start":{"line":43,"column":4},"end":{"line":47,"column":7}},"12":{"start":{"line":49,"column":4},"end":{"line":52,"column":7}},"13":{"start":{"line":57,"column":2},"end":{"line":72,"column":3}},"14":{"start":{"line":58,"column":24},"end":{"line":58,"column":79}},"15":{"start":{"line":60,"column":4},"end":{"line":66,"column":7}},"16":{"start":{"line":68,"column":4},"end":{"line":71,"column":7}},"17":{"start":{"line":75,"column":0},"end":{"line":80,"column":2}}},"fnMap":{"0":{"name":"crear","decl":{"start":{"line":3,"column":15},"end":{"line":3,"column":20}},"loc":{"start":{"line":3,"column":31},"end":{"line":18,"column":1}},"line":3},"1":{"name":"obtener","decl":{"start":{"line":20,"column":15},"end":{"line":20,"column":22}},"loc":{"start":{"line":20,"column":33},"end":{"line":34,"column":1}},"line":20},"2":{"name":"actualizar","decl":{"start":{"line":36,"column":15},"end":{"line":36,"column":25}},"loc":{"start":{"line":36,"column":36},"end":{"line":54,"column":1}},"line":36},"3":{"name":"cambiarEstado","decl":{"start":{"line":56,"column":15},"end":{"line":56,"column":28}},"loc":{"start":{"line":56,"column":39},"end":{"line":73,"column":1}},"line":56}},"branchMap":{"0":{"loc":{"start":{"line":63,"column":15},"end":{"line":65,"column":53}},"type":"cond-expr","locations":[{"start":{"line":64,"column":10},"end":{"line":64,"column":50}},{"start":{"line":65,"column":10},"end":{"line":65,"column":53}}],"line":63}},"s":{"0":1,"1":0,"2":0,"3":0,"4":0,"5":0,"6":0,"7":0,"8":0,"9":0,"10":0,"11":0,"12":0,"13":0,"14":0,"15":0,"16":0,"17":1},"f":{"0":0,"1":0,"2":0,"3":0},"b":{"0":[0,0]},"_coverageSchema":"1a1c01bbd47fc00a2c39e90264f33305004495a9","hash":"9259ef31700e05fa8d0f5e52c3644bff996e24e4"}
,"C:\\Users\\3yD3R\\Downloads\\Proyect_SaludYaOld\\Proyect_SaludYa\\backend\\modules\\configuracion\\procedimientos\\procedimiento.model.js": {"path":"C:\\Users\\3yD3R\\Downloads\\Proyect_SaludYaOld\\Proyect_SaludYa\\backend\\modules\\configuracion\\procedimientos\\procedimiento.model.js","statementMap":{"0":{"start":{"line":1,"column":17},"end":{"line":1,"column":36}},"1":{"start":{"line":3,"column":28},"end":{"line":33,"column":1}},"2":{"start":{"line":35,"column":0},"end":{"line":38,"column":2}}},"fnMap":{},"branchMap":{},"s":{"0":1,"1":1,"2":1},"f":{},"b":{},"_coverageSchema":"1a1c01bbd47fc00a2c39e90264f33305004495a9","hash":"ec65c69bbdf78702421685b276f1bf9e3b6e9b31"}
,"C:\\Users\\3yD3R\\Downloads\\Proyect_SaludYaOld\\Proyect_SaludYa\\backend\\modules\\configuracion\\procedimientos\\procedimiento.routes.js": {"path":"C:\\Users\\3yD3R\\Downloads\\Proyect_SaludYaOld\\Proyect_SaludYa\\backend\\modules\\configuracion\\procedimientos\\procedimiento.routes.js","statementMap":{"0":{"start":{"line":1,"column":15},"end":{"line":1,"column":42}},"1":{"start":{"line":3,"column":19},"end":{"line":3,"column":56}},"2":{"start":{"line":5,"column":0},"end":{"line":5,"column":36}},"3":{"start":{"line":7,"column":0},"end":{"line":7,"column":35}},"4":{"start":{"line":9,"column":0},"end":{"line":9,"column":42}},"5":{"start":{"line":11,"column":0},"end":{"line":11,"column":54}},"6":{"start":{"line":13,"column":0},"end":{"line":13,"column":24}}},"fnMap":{},"branchMap":{},"s":{"0":1,"1":1,"2":1,"3":1,"4":1,"5":1,"6":1},"f":{},"b":{},"_coverageSchema":"1a1c01bbd47fc00a2c39e90264f33305004495a9","hash":"fb46b842450af6f2268f002454d879233a80cca1"}
,"C:\\Users\\3yD3R\\Downloads\\Proyect_SaludYaOld\\Proyect_SaludYa\\backend\\modules\\configuracion\\procedimientos\\procedimiento.service.js": {"path":"C:\\Users\\3yD3R\\Downloads\\Proyect_SaludYaOld\\Proyect_SaludYa\\backend\\modules\\configuracion\\procedimientos\\procedimiento.service.js","statementMap":{"0":{"start":{"line":1,"column":22},"end":{"line":1,"column":54}},"1":{"start":{"line":6,"column":4},"end":{"line":8,"column":6}},"2":{"start":{"line":10,"column":2},"end":{"line":14,"column":3}},"3":{"start":{"line":11,"column":4},"end":{"line":13,"column":6}},"4":{"start":{"line":16,"column":2},"end":{"line":18,"column":4}},"5":{"start":{"line":23,"column":2},"end":{"line":26,"column":7}},"6":{"start":{"line":36,"column":4},"end":{"line":36,"column":36}},"7":{"start":{"line":38,"column":2},"end":{"line":42,"column":3}},"8":{"start":{"line":39,"column":4},"end":{"line":41,"column":6}},"9":{"start":{"line":45,"column":4},"end":{"line":48,"column":6}},"10":{"start":{"line":50,"column":2},"end":{"line":54,"column":3}},"11":{"start":{"line":51,"column":4},"end":{"line":53,"column":6}},"12":{"start":{"line":56,"column":2},"end":{"line":57,"column":16}},"13":{"start":{"line":59,"column":2},"end":{"line":60,"column":16}},"14":{"start":{"line":62,"column":2},"end":{"line":63,"column":16}},"15":{"start":{"line":65,"column":2},"end":{"line":66,"column":16}},"16":{"start":{"line":68,"column":2},"end":{"line":68,"column":29}},"17":{"start":{"line":70,"column":2},"end":{"line":70,"column":23}},"18":{"start":{"line":79,"column":4},"end":{"line":79,"column":36}},"19":{"start":{"line":81,"column":2},"end":{"line":85,"column":3}},"20":{"start":{"line":82,"column":4},"end":{"line":84,"column":6}},"21":{"start":{"line":87,"column":2},"end":{"line":88,"column":26}},"22":{"start":{"line":90,"column":2},"end":{"line":90,"column":29}},"23":{"start":{"line":92,"column":2},"end":{"line":92,"column":23}},"24":{"start":{"line":96,"column":0},"end":{"line":101,"column":2}}},"fnMap":{"0":{"name":"crearProcedimiento","decl":{"start":{"line":3,"column":15},"end":{"line":3,"column":33}},"loc":{"start":{"line":3,"column":40},"end":{"line":19,"column":1}},"line":3},"1":{"name":"obtenerProcedimientos","decl":{"start":{"line":21,"column":15},"end":{"line":21,"column":36}},"loc":{"start":{"line":21,"column":39},"end":{"line":28,"column":1}},"line":21},"2":{"name":"actualizarProcedimiento","decl":{"start":{"line":30,"column":15},"end":{"line":30,"column":38}},"loc":{"start":{"line":33,"column":2},"end":{"line":72,"column":1}},"line":33},"3":{"name":"cambiarEstadoProcedimiento","decl":{"start":{"line":74,"column":15},"end":{"line":74,"column":41}},"loc":{"start":{"line":76,"column":2},"end":{"line":94,"column":1}},"line":76}},"branchMap":{"0":{"loc":{"start":{"line":10,"column":2},"end":{"line":14,"column":3}},"type":"if","locations":[{"start":{"line":10,"column":2},"end":{"line":14,"column":3}},{"start":{},"end":{}}],"line":10},"1":{"loc":{"start":{"line":38,"column":2},"end":{"line":42,"column":3}},"type":"if","locations":[{"start":{"line":38,"column":2},"end":{"line":42,"column":3}},{"start":{},"end":{}}],"line":38},"2":{"loc":{"start":{"line":50,"column":2},"end":{"line":54,"column":3}},"type":"if","locations":[{"start":{"line":50,"column":2},"end":{"line":54,"column":3}},{"start":{},"end":{}}],"line":50},"3":{"loc":{"start":{"line":81,"column":2},"end":{"line":85,"column":3}},"type":"if","locations":[{"start":{"line":81,"column":2},"end":{"line":85,"column":3}},{"start":{},"end":{}}],"line":81}},"s":{"0":1,"1":0,"2":0,"3":0,"4":0,"5":0,"6":0,"7":0,"8":0,"9":0,"10":0,"11":0,"12":0,"13":0,"14":0,"15":0,"16":0,"17":0,"18":0,"19":0,"20":0,"21":0,"22":0,"23":0,"24":1},"f":{"0":0,"1":0,"2":0,"3":0},"b":{"0":[0,0],"1":[0,0],"2":[0,0],"3":[0,0]},"_coverageSchema":"1a1c01bbd47fc00a2c39e90264f33305004495a9","hash":"79f65b0d6e0d46d11cf91f129718e5e0d1e8191a"}
,"C:\\Users\\3yD3R\\Downloads\\Proyect_SaludYaOld\\Proyect_SaludYa\\backend\\modules\\configuracion\\tiposConsulta\\tipoConsulta.controller.js": {"path":"C:\\Users\\3yD3R\\Downloads\\Proyect_SaludYaOld\\Proyect_SaludYa\\backend\\modules\\configuracion\\tiposConsulta\\tipoConsulta.controller.js","statementMap":{"0":{"start":{"line":1,"column":16},"end":{"line":3,"column":1}},"1":{"start":{"line":10,"column":2},"end":{"line":31,"column":3}},"2":{"start":{"line":13,"column":6},"end":{"line":15,"column":7}},"3":{"start":{"line":17,"column":4},"end":{"line":22,"column":7}},"4":{"start":{"line":26,"column":4},"end":{"line":29,"column":7}},"5":{"start":{"line":40,"column":2},"end":{"line":57,"column":3}},"6":{"start":{"line":43,"column":6},"end":{"line":43,"column":42}},"7":{"start":{"line":45,"column":4},"end":{"line":48,"column":7}},"8":{"start":{"line":52,"column":4},"end":{"line":55,"column":7}},"9":{"start":{"line":66,"column":2},"end":{"line":88,"column":3}},"10":{"start":{"line":69,"column":6},"end":{"line":72,"column":7}},"11":{"start":{"line":74,"column":4},"end":{"line":79,"column":7}},"12":{"start":{"line":83,"column":4},"end":{"line":86,"column":7}},"13":{"start":{"line":97,"column":2},"end":{"line":121,"column":3}},"14":{"start":{"line":100,"column":6},"end":{"line":102,"column":7}},"15":{"start":{"line":104,"column":4},"end":{"line":112,"column":7}},"16":{"start":{"line":116,"column":4},"end":{"line":119,"column":7}},"17":{"start":{"line":125,"column":0},"end":{"line":130,"column":2}}},"fnMap":{"0":{"name":"crear","decl":{"start":{"line":5,"column":15},"end":{"line":5,"column":20}},"loc":{"start":{"line":8,"column":2},"end":{"line":33,"column":1}},"line":8},"1":{"name":"obtener","decl":{"start":{"line":35,"column":15},"end":{"line":35,"column":22}},"loc":{"start":{"line":38,"column":2},"end":{"line":59,"column":1}},"line":38},"2":{"name":"actualizar","decl":{"start":{"line":61,"column":15},"end":{"line":61,"column":25}},"loc":{"start":{"line":64,"column":2},"end":{"line":90,"column":1}},"line":64},"3":{"name":"cambiarEstado","decl":{"start":{"line":92,"column":15},"end":{"line":92,"column":28}},"loc":{"start":{"line":95,"column":2},"end":{"line":123,"column":1}},"line":95}},"branchMap":{"0":{"loc":{"start":{"line":109,"column":8},"end":{"line":111,"column":44}},"type":"cond-expr","locations":[{"start":{"line":110,"column":12},"end":{"line":110,"column":41}},{"start":{"line":111,"column":12},"end":{"line":111,"column":44}}],"line":109}},"s":{"0":1,"1":0,"2":0,"3":0,"4":0,"5":0,"6":0,"7":0,"8":0,"9":0,"10":0,"11":0,"12":0,"13":0,"14":0,"15":0,"16":0,"17":1},"f":{"0":0,"1":0,"2":0,"3":0},"b":{"0":[0,0]},"_coverageSchema":"1a1c01bbd47fc00a2c39e90264f33305004495a9","hash":"cab6bc93d7df0a3f7eb22b3b87450986fe14e95b"}
,"C:\\Users\\3yD3R\\Downloads\\Proyect_SaludYaOld\\Proyect_SaludYa\\backend\\modules\\configuracion\\tiposConsulta\\tipoConsulta.model.js": {"path":"C:\\Users\\3yD3R\\Downloads\\Proyect_SaludYaOld\\Proyect_SaludYa\\backend\\modules\\configuracion\\tiposConsulta\\tipoConsulta.model.js","statementMap":{"0":{"start":{"line":1,"column":17},"end":{"line":1,"column":36}},"1":{"start":{"line":4,"column":2},"end":{"line":33,"column":3}},"2":{"start":{"line":35,"column":0},"end":{"line":38,"column":2}}},"fnMap":{},"branchMap":{},"s":{"0":1,"1":1,"2":1},"f":{},"b":{},"_coverageSchema":"1a1c01bbd47fc00a2c39e90264f33305004495a9","hash":"ecc51d4c7fc16b613ad5a577d083b7d04e9374c2"}
,"C:\\Users\\3yD3R\\Downloads\\Proyect_SaludYaOld\\Proyect_SaludYa\\backend\\modules\\configuracion\\tiposConsulta\\tipoConsulta.routes.js": {"path":"C:\\Users\\3yD3R\\Downloads\\Proyect_SaludYaOld\\Proyect_SaludYa\\backend\\modules\\configuracion\\tiposConsulta\\tipoConsulta.routes.js","statementMap":{"0":{"start":{"line":2,"column":2},"end":{"line":2,"column":29}},"1":{"start":{"line":5,"column":2},"end":{"line":7,"column":3}},"2":{"start":{"line":9,"column":0},"end":{"line":12,"column":2}},"3":{"start":{"line":14,"column":0},"end":{"line":17,"column":2}},"4":{"start":{"line":19,"column":0},"end":{"line":22,"column":2}},"5":{"start":{"line":24,"column":0},"end":{"line":27,"column":2}},"6":{"start":{"line":29,"column":0},"end":{"line":29,"column":24}}},"fnMap":{},"branchMap":{},"s":{"0":1,"1":1,"2":1,"3":1,"4":1,"5":1,"6":1},"f":{},"b":{},"_coverageSchema":"1a1c01bbd47fc00a2c39e90264f33305004495a9","hash":"5c7e7da20432f2345c775d362f000a66800fda94"}
,"C:\\Users\\3yD3R\\Downloads\\Proyect_SaludYaOld\\Proyect_SaludYa\\backend\\modules\\configuracion\\tiposConsulta\\tipoConsulta.service.js": {"path":"C:\\Users\\3yD3R\\Downloads\\Proyect_SaludYaOld\\Proyect_SaludYa\\backend\\modules\\configuracion\\tiposConsulta\\tipoConsulta.service.js","statementMap":{"0":{"start":{"line":1,"column":21},"end":{"line":3,"column":1}},"1":{"start":{"line":10,"column":4},"end":{"line":12,"column":6}},"2":{"start":{"line":14,"column":2},"end":{"line":18,"column":3}},"3":{"start":{"line":15,"column":4},"end":{"line":17,"column":6}},"4":{"start":{"line":20,"column":2},"end":{"line":22,"column":4}},"5":{"start":{"line":27,"column":2},"end":{"line":30,"column":7}},"6":{"start":{"line":40,"column":4},"end":{"line":40,"column":35}},"7":{"start":{"line":42,"column":2},"end":{"line":46,"column":3}},"8":{"start":{"line":43,"column":4},"end":{"line":45,"column":6}},"9":{"start":{"line":49,"column":4},"end":{"line":52,"column":6}},"10":{"start":{"line":54,"column":2},"end":{"line":58,"column":3}},"11":{"start":{"line":55,"column":4},"end":{"line":57,"column":6}},"12":{"start":{"line":60,"column":2},"end":{"line":61,"column":16}},"13":{"start":{"line":63,"column":2},"end":{"line":64,"column":16}},"14":{"start":{"line":66,"column":2},"end":{"line":67,"column":16}},"15":{"start":{"line":69,"column":2},"end":{"line":70,"column":16}},"16":{"start":{"line":72,"column":2},"end":{"line":72,"column":24}},"17":{"start":{"line":74,"column":2},"end":{"line":74,"column":18}},"18":{"start":{"line":83,"column":4},"end":{"line":83,"column":35}},"19":{"start":{"line":85,"column":2},"end":{"line":89,"column":3}},"20":{"start":{"line":86,"column":4},"end":{"line":88,"column":6}},"21":{"start":{"line":91,"column":2},"end":{"line":92,"column":21}},"22":{"start":{"line":94,"column":2},"end":{"line":94,"column":24}},"23":{"start":{"line":96,"column":2},"end":{"line":96,"column":18}},"24":{"start":{"line":100,"column":0},"end":{"line":105,"column":2}}},"fnMap":{"0":{"name":"crearTipoConsulta","decl":{"start":{"line":5,"column":15},"end":{"line":5,"column":32}},"loc":{"start":{"line":7,"column":2},"end":{"line":23,"column":1}},"line":7},"1":{"name":"obtenerTiposConsulta","decl":{"start":{"line":25,"column":15},"end":{"line":25,"column":35}},"loc":{"start":{"line":25,"column":38},"end":{"line":32,"column":1}},"line":25},"2":{"name":"actualizarTipoConsulta","decl":{"start":{"line":34,"column":15},"end":{"line":34,"column":37}},"loc":{"start":{"line":37,"column":2},"end":{"line":76,"column":1}},"line":37},"3":{"name":"cambiarEstadoTipoConsulta","decl":{"start":{"line":78,"column":15},"end":{"line":78,"column":40}},"loc":{"start":{"line":80,"column":2},"end":{"line":98,"column":1}},"line":80}},"branchMap":{"0":{"loc":{"start":{"line":14,"column":2},"end":{"line":18,"column":3}},"type":"if","locations":[{"start":{"line":14,"column":2},"end":{"line":18,"column":3}},{"start":{},"end":{}}],"line":14},"1":{"loc":{"start":{"line":42,"column":2},"end":{"line":46,"column":3}},"type":"if","locations":[{"start":{"line":42,"column":2},"end":{"line":46,"column":3}},{"start":{},"end":{}}],"line":42},"2":{"loc":{"start":{"line":54,"column":2},"end":{"line":58,"column":3}},"type":"if","locations":[{"start":{"line":54,"column":2},"end":{"line":58,"column":3}},{"start":{},"end":{}}],"line":54},"3":{"loc":{"start":{"line":85,"column":2},"end":{"line":89,"column":3}},"type":"if","locations":[{"start":{"line":85,"column":2},"end":{"line":89,"column":3}},{"start":{},"end":{}}],"line":85}},"s":{"0":1,"1":0,"2":0,"3":0,"4":0,"5":0,"6":0,"7":0,"8":0,"9":0,"10":0,"11":0,"12":0,"13":0,"14":0,"15":0,"16":0,"17":0,"18":0,"19":0,"20":0,"21":0,"22":0,"23":0,"24":1},"f":{"0":0,"1":0,"2":0,"3":0},"b":{"0":[0,0],"1":[0,0],"2":[0,0],"3":[0,0]},"_coverageSchema":"1a1c01bbd47fc00a2c39e90264f33305004495a9","hash":"9b74396aac9f3e9676ec32ccde348f65ebe6250a"}
,"C:\\Users\\3yD3R\\Downloads\\Proyect_SaludYaOld\\Proyect_SaludYa\\backend\\modules\\documentos\\documento.controller.js": {"path":"C:\\Users\\3yD3R\\Downloads\\Proyect_SaludYaOld\\Proyect_SaludYa\\backend\\modules\\documentos\\documento.controller.js","statementMap":{"0":{"start":{"line":1,"column":16},"end":{"line":1,"column":46}},"1":{"start":{"line":3,"column":0},"end":{"line":6,"column":2}},"2":{"start":{"line":4,"column":20},"end":{"line":4,"column":49}},"3":{"start":{"line":5,"column":2},"end":{"line":5,"column":34}},"4":{"start":{"line":8,"column":0},"end":{"line":11,"column":2}},"5":{"start":{"line":9,"column":21},"end":{"line":9,"column":43}},"6":{"start":{"line":10,"column":2},"end":{"line":10,"column":23}},"7":{"start":{"line":13,"column":0},"end":{"line":17,"column":2}},"8":{"start":{"line":14,"column":45},"end":{"line":14,"column":55}},"9":{"start":{"line":15,"column":21},"end":{"line":15,"column":90}},"10":{"start":{"line":16,"column":2},"end":{"line":16,"column":23}}},"fnMap":{"0":{"name":"(anonymous_0)","decl":{"start":{"line":3,"column":25},"end":{"line":3,"column":26}},"loc":{"start":{"line":3,"column":45},"end":{"line":6,"column":1}},"line":3},"1":{"name":"(anonymous_1)","decl":{"start":{"line":8,"column":28},"end":{"line":8,"column":29}},"loc":{"start":{"line":8,"column":48},"end":{"line":11,"column":1}},"line":8},"2":{"name":"(anonymous_2)","decl":{"start":{"line":13,"column":35},"end":{"line":13,"column":36}},"loc":{"start":{"line":13,"column":55},"end":{"line":17,"column":1}},"line":13}},"branchMap":{},"s":{"0":1,"1":1,"2":0,"3":0,"4":1,"5":0,"6":0,"7":1,"8":1,"9":1,"10":0},"f":{"0":0,"1":0,"2":1},"b":{},"_coverageSchema":"1a1c01bbd47fc00a2c39e90264f33305004495a9","hash":"45505f5872acecf999c92fbf98c5b788bb85ef4a"}
,"C:\\Users\\3yD3R\\Downloads\\Proyect_SaludYaOld\\Proyect_SaludYa\\backend\\modules\\documentos\\documento.model.js": {"path":"C:\\Users\\3yD3R\\Downloads\\Proyect_SaludYaOld\\Proyect_SaludYa\\backend\\modules\\documentos\\documento.model.js","statementMap":{"0":{"start":{"line":1,"column":17},"end":{"line":1,"column":36}},"1":{"start":{"line":3,"column":24},"end":{"line":11,"column":24}},"2":{"start":{"line":13,"column":0},"end":{"line":13,"column":68}}},"fnMap":{},"branchMap":{},"s":{"0":1,"1":1,"2":1},"f":{},"b":{},"_coverageSchema":"1a1c01bbd47fc00a2c39e90264f33305004495a9","hash":"a19a122911ad3a333ff7ae00da6dadb887a21d38"}
,"C:\\Users\\3yD3R\\Downloads\\Proyect_SaludYaOld\\Proyect_SaludYa\\backend\\modules\\documentos\\documento.routes.js": {"path":"C:\\Users\\3yD3R\\Downloads\\Proyect_SaludYaOld\\Proyect_SaludYa\\backend\\modules\\documentos\\documento.routes.js","statementMap":{"0":{"start":{"line":1,"column":15},"end":{"line":1,"column":42}},"1":{"start":{"line":2,"column":19},"end":{"line":2,"column":52}},"2":{"start":{"line":4,"column":0},"end":{"line":4,"column":46}},"3":{"start":{"line":5,"column":0},"end":{"line":5,"column":84}},"4":{"start":{"line":6,"column":0},"end":{"line":6,"column":44}},"5":{"start":{"line":8,"column":0},"end":{"line":8,"column":24}}},"fnMap":{},"branchMap":{},"s":{"0":1,"1":1,"2":1,"3":1,"4":1,"5":1},"f":{},"b":{},"_coverageSchema":"1a1c01bbd47fc00a2c39e90264f33305004495a9","hash":"ef899eab18a008402b55cf980ad75aebeb7b45d5"}
[...]
,"C:\\Users\\3yD3R\\Downloads\\Proyect_SaludYaOld\\Proyect_SaludYa\\backend\\modules\\historiaClinica\\historia.service.js": {"path":"C:\\Users\\3yD3R\\Downloads\\Proyect_SaludYaOld\\Proyect_SaludYa\\backend\\modules\\historiaClinica\\historia.service.js","statementMap":{"0":{"start":{"line":1,"column":17},"end":{"line":1,"column":44}},"1":{"start":{"line":2,"column":13},"end":{"line":2,"column":43}},"2":{"start":{"line":5,"column":22},"end":{"line":5,"column":40}},"3":{"start":{"line":7,"column":2},"end":{"line":7,"column":54}},"4":{"start":{"line":11,"column":17},"end":{"line":13,"column":4}},"5":{"start":{"line":15,"column":2},"end":{"line":17,"column":3}},"6":{"start":{"line":16,"column":4},"end":{"line":16,"column":69}},"7":{"start":{"line":19,"column":28},"end":{"line":23,"column":4}},"8":{"start":{"line":25,"column":24},"end":{"line":25,"column":52}},"9":{"start":{"line":27,"column":25},"end":{"line":27,"column":56}},"10":{"start":{"line":29,"column":25},"end":{"line":29,"column":62}},"11":{"start":{"line":31,"column":19},"end":{"line":42,"column":4}},"12":{"start":{"line":44,"column":2},"end":{"line":52,"column":4}},"13":{"start":{"line":54,"column":2},"end":{"line":54,"column":18}},"14":{"start":{"line":58,"column":2},"end":{"line":60,"column":5}},"15":{"start":{"line":64,"column":2},"end":{"line":68,"column":5}},"16":{"start":{"line":72,"column":19},"end":{"line":72,"column":46}},"17":{"start":{"line":74,"column":2},"end":{"line":76,"column":3}},"18":{"start":{"line":75,"column":4},"end":{"line":75,"column":54}},"19":{"start":{"line":78,"column":2},"end":{"line":78,"column":18}},"20":{"start":{"line":81,"column":19},"end":{"line":84,"column":4}},"21":{"start":{"line":86,"column":2},"end":{"line":88,"column":3}},"22":{"start":{"line":87,"column":4},"end":{"line":87,"column":54}},"23":{"start":{"line":90,"column":2},"end":{"line":90,"column":18}},"24":{"start":{"line":94,"column":19},"end":{"line":102,"column":3}},"25":{"start":{"line":104,"column":2},"end":{"line":106,"column":3}},"26":{"start":{"line":105,"column":4},"end":{"line":105,"column":54}},"27":{"start":{"line":108,"column":2},"end":{"line":108,"column":18}},"28":{"start":{"line":111,"column":0},"end":{"line":118,"column":2}}},"fnMap":{"0":{"name":"generarNumeroHistoria","decl":{"start":{"line":4,"column":9},"end":{"line":4,"column":30}},"loc":{"start":{"line":4,"column":47},"end":{"line":8,"column":1}},"line":4},"1":{"name":"crear","decl":{"start":{"line":10,"column":15},"end":{"line":10,"column":20}},"loc":{"start":{"line":10,"column":27},"end":{"line":55,"column":1}},"line":10},"2":{"name":"listar","decl":{"start":{"line":57,"column":15},"end":{"line":57,"column":21}},"loc":{"start":{"line":57,"column":24},"end":{"line":61,"column":1}},"line":57},"3":{"name":"listarPorPaciente","decl":{"start":{"line":63,"column":15},"end":{"line":63,"column":32}},"loc":{"start":{"line":63,"column":45},"end":{"line":69,"column":1}},"line":63},"4":{"name":"obtenerPorId","decl":{"start":{"line":71,"column":15},"end":{"line":71,"column":27}},"loc":{"start":{"line":71,"column":32},"end":{"line":79,"column":1}},"line":71},"5":{"name":"actualizar","decl":{"start":{"line":80,"column":15},"end":{"line":80,"column":25}},"loc":{"start":{"line":80,"column":36},"end":{"line":91,"column":1}},"line":80},"6":{"name":"finalizar","decl":{"start":{"line":93,"column":15},"end":{"line":93,"column":24}},"loc":{"start":{"line":93,"column":29},"end":{"line":109,"column":1}},"line":93}},"branchMap":{"0":{"loc":{"start":{"line":15,"column":2},"end":{"line":17,"column":3}},"type":"if","locations":[{"start":{"line":15,"column":2},"end":{"line":17,"column":3}},{"start":{},"end":{}}],"line":15},"1":{"loc":{"start":{"line":36,"column":6},"end":{"line":41,"column":8}},"type":"binary-expr","locations":[{"start":{"line":36,"column":6},"end":{"line":36,"column":23}},{"start":{"line":37,"column":6},"end":{"line":41,"column":8}}],"line":36},"2":{"loc":{"start":{"line":74,"column":2},"end":{"line":76,"column":3}},"type":"if","locations":[{"start":{"line":74,"column":2},"end":{"line":76,"column":3}},{"start":{},"end":{}}],"line":74},"3":{"loc":{"start":{"line":86,"column":2},"end":{"line":88,"column":3}},"type":"if","locations":[{"start":{"line":86,"column":2},"end":{"line":88,"column":3}},{"start":{},"end":{}}],"line":86},"4":{"loc":{"start":{"line":104,"column":2},"end":{"line":106,"column":3}},"type":"if","locations":[{"start":{"line":104,"column":2},"end":{"line":106,"column":3}},{"start":{},"end":{}}],"line":104}},"s":{"0":1,"1":1,"2":0,"3":0,"4":0,"5":0,"6":0,"7":0,"8":0,"9":0,"10":0,"11":0,"12":0,"13":0,"14":0,"15":0,"16":0,"17":0,"18":0,"19":0,"20":0,"21":0,"22":0,"23":0,"24":0,"25":0,"26":0,"27":0,"28":1},"f":{"0":0,"1":0,"2":0,"3":0,"4":0,"5":0,"6":0},"b":{"0":[0,0],"1":[0,0],"2":[0,0],"3":[0,0],"4":[0,0]},"_coverageSchema":"1a1c01bbd47fc00a2c39e90264f33305004495a9","hash":"4fe6758212acfd3d7936cc3946859b70333177ce"}
,"C:\\Users\\3yD3R\\Downloads\\Proyect_SaludYaOld\\Proyect_SaludYa\\backend\\modules\\ordenesMedicas\\orden.controller.js": {"path":"C:\\Users\\3yD3R\\Downloads\\Proyect_SaludYaOld\\Proyect_SaludYa\\backend\\modules\\ordenesMedicas\\orden.controller.js","statementMap":{"0":{"start":{"line":1,"column":16},"end":{"line":1,"column":42}},"1":{"start":{"line":4,"column":2},"end":{"line":17,"column":3}},"2":{"start":{"line":5,"column":18},"end":{"line":5,"column":47}},"3":{"start":{"line":7,"column":4},"end":{"line":11,"column":7}},"4":{"start":{"line":13,"column":4},"end":{"line":16,"column":7}},"5":{"start":{"line":21,"column":2},"end":{"line":33,"column":3}},"6":{"start":{"line":22,"column":20},"end":{"line":22,"column":42}},"7":{"start":{"line":24,"column":4},"end":{"line":27,"column":7}},"8":{"start":{"line":29,"column":4},"end":{"line":32,"column":7}},"9":{"start":{"line":37,"column":2},"end":{"line":49,"column":3}},"10":{"start":{"line":38,"column":20},"end":{"line":38,"column":64}},"11":{"start":{"line":40,"column":4},"end":{"line":43,"column":7}},"12":{"start":{"line":45,"column":4},"end":{"line":48,"column":7}},"13":{"start":{"line":53,"column":2},"end":{"line":65,"column":3}},"14":{"start":{"line":54,"column":20},"end":{"line":54,"column":74}},"15":{"start":{"line":56,"column":4},"end":{"line":59,"column":7}},"16":{"start":{"line":61,"column":4},"end":{"line":64,"column":7}},"17":{"start":{"line":69,"column":2},"end":{"line":81,"column":3}},"18":{"start":{"line":70,"column":20},"end":{"line":70,"column":74}},"19":{"start":{"line":72,"column":4},"end":{"line":75,"column":7}},"20":{"start":{"line":77,"column":4},"end":{"line":80,"column":7}},"21":{"start":{"line":85,"column":2},"end":{"line":97,"column":3}},"22":{"start":{"line":86,"column":18},"end":{"line":86,"column":59}},"23":{"start":{"line":88,"column":4},"end":{"line":91,"column":7}},"24":{"start":{"line":93,"column":4},"end":{"line":96,"column":7}},"25":{"start":{"line":101,"column":2},"end":{"line":114,"column":3}},"26":{"start":{"line":102,"column":18},"end":{"line":102,"column":53}},"27":{"start":{"line":104,"column":4},"end":{"line":108,"column":7}},"28":{"start":{"line":110,"column":4},"end":{"line":113,"column":7}},"29":{"start":{"line":117,"column":0},"end":{"line":125,"column":2}}},"fnMap":{"0":{"name":"crearOrden","decl":{"start":{"line":3,"column":15},"end":{"line":3,"column":25}},"loc":{"start":{"line":3,"column":36},"end":{"line":18,"column":1}},"line":3},"1":{"name":"obtenerOrdenes","decl":{"start":{"line":20,"column":15},"end":{"line":20,"column":29}},"loc":{"start":{"line":20,"column":40},"end":{"line":34,"column":1}},"line":20},"2":{"name":"obtenerOrdenesPorTipo","decl":{"start":{"line":36,"column":15},"end":{"line":36,"column":36}},"loc":{"start":{"line":36,"column":47},"end":{"line":50,"column":1}},"line":36},"3":{"name":"obtenerOrdenesPorHistoria","decl":{"start":{"line":52,"column":15},"end":{"line":52,"column":40}},"loc":{"start":{"line":52,"column":51},"end":{"line":66,"column":1}},"line":52},"4":{"name":"obtenerOrdenesPorPaciente","decl":{"start":{"line":68,"column":15},"end":{"line":68,"column":40}},"loc":{"start":{"line":68,"column":51},"end":{"line":82,"column":1}},"line":68},"5":{"name":"obtenerOrdenPorId","decl":{"start":{"line":84,"column":15},"end":{"line":84,"column":32}},"loc":{"start":{"line":84,"column":43},"end":{"line":98,"column":1}},"line":84},"6":{"name":"anularOrden","decl":{"start":{"line":100,"column":15},"end":{"line":100,"column":26}},"loc":{"start":{"line":100,"column":37},"end":{"line":115,"column":1}},"line":100}},"branchMap":{},"s":{"0":1,"1":0,"2":0,"3":0,"4":0,"5":0,"6":0,"7":0,"8":0,"9":0,"10":0,"11":0,"12":0,"13":0,"14":0,"15":0,"16":0,"17":0,"18":0,"19":0,"20":0,"21":0,"22":0,"23":0,"24":0,"25":0,"26":0,"27":0,"28":0,"29":1},"f":{"0":0,"1":0,"2":0,"3":0,"4":0,"5":0,"6":0},"b":{},"_coverageSchema":"1a1c01bbd47fc00a2c39e90264f33305004495a9","hash":"a600ffca4ea6ca609ba9506157de083ec82c73cd"}
,"C:\\Users\\3yD3R\\Downloads\\Proyect_SaludYaOld\\Proyect_SaludYa\\backend\\modules\\ordenesMedicas\\orden.model.js": {"path":"C:\\Users\\3yD3R\\Downloads\\Proyect_SaludYaOld\\Proyect_SaludYa\\backend\\modules\\ordenesMedicas\\orden.model.js","statementMap":{"0":{"start":{"line":1,"column":17},"end":{"line":1,"column":36}},"1":{"start":{"line":3,"column":20},"end":{"line":91,"column":1}},"2":{"start":{"line":84,"column":21},"end":{"line":84,"column":58}},"3":{"start":{"line":93,"column":0},"end":{"line":93,"column":60}}},"fnMap":{"0":{"name":"(anonymous_0)","decl":{"start":{"line":84,"column":15},"end":{"line":84,"column":16}},"loc":{"start":{"line":84,"column":21},"end":{"line":84,"column":58}},"line":84}},"branchMap":{},"s":{"0":1,"1":1,"2":0,"3":1},"f":{"0":0},"b":{},"_coverageSchema":"1a1c01bbd47fc00a2c39e90264f33305004495a9","hash":"ff8aa355cb034cc743e6f0b8ca3cfa2ff0ba51df"}
,"C:\\Users\\3yD3R\\Downloads\\Proyect_SaludYaOld\\Proyect_SaludYa\\backend\\modules\\ordenesMedicas\\orden.routes.js": {"path":"C:\\Users\\3yD3R\\Downloads\\Proyect_SaludYaOld\\Proyect_SaludYa\\backend\\modules\\ordenesMedicas\\orden.routes.js","statementMap":{"0":{"start":{"line":1,"column":15},"end":{"line":1,"column":42}},"1":{"start":{"line":3,"column":19},"end":{"line":3,"column":48}},"2":{"start":{"line":5,"column":0},"end":{"line":5,"column":43}},"3":{"start":{"line":7,"column":0},"end":{"line":7,"column":60}},"4":{"start":{"line":9,"column":0},"end":{"line":9,"column":74}},"5":{"start":{"line":11,"column":0},"end":{"line":11,"column":74}},"6":{"start":{"line":13,"column":0},"end":{"line":13,"column":49}},"7":{"start":{"line":15,"column":0},"end":{"line":15,"column":40}},"8":{"start":{"line":17,"column":0},"end":{"line":17,"column":52}},"9":{"start":{"line":19,"column":0},"end":{"line":19,"column":24}}},"fnMap":{},"branchMap":{},"s":{"0":1,"1":1,"2":1,"3":1,"4":1,"5":1,"6":1,"7":1,"8":1,"9":1},"f":{},"b":{},"_coverageSchema":"1a1c01bbd47fc00a2c39e90264f33305004495a9","hash":"766db495c4c4189af78126df1e91a316d5717dee"}
,"C:\\Users\\3yD3R\\Downloads\\Proyect_SaludYaOld\\Proyect_SaludYa\\backend\\modules\\ordenesMedicas\\orden.service.js": {"path":"C:\\Users\\3yD3R\\Downloads\\Proyect_SaludYaOld\\Proyect_SaludYa\\backend\\modules\\ordenesMedicas\\orden.service.js","statementMap":{"0":{"start":{"line":1,"column":14},"end":{"line":1,"column":38}},"1":{"start":{"line":4,"column":2},"end":{"line":4,"column":34}},"2":{"start":{"line":8,"column":2},"end":{"line":10,"column":5}},"3":{"start":{"line":14,"column":2},"end":{"line":18,"column":5}},"4":{"start":{"line":22,"column":2},"end":{"line":26,"column":5}},"5":{"start":{"line":30,"column":2},"end":{"line":34,"column":5}},"6":{"start":{"line":38,"column":16},"end":{"line":38,"column":40}},"7":{"start":{"line":40,"column":2},"end":{"line":42,"column":3}},"8":{"start":{"line":41,"column":4},"end":{"line":41,"column":50}},"9":{"start":{"line":44,"column":2},"end":{"line":44,"column":15}},"10":{"start":{"line":48,"column":16},"end":{"line":56,"column":3}},"11":{"start":{"line":58,"column":2},"end":{"line":60,"column":3}},"12":{"start":{"line":59,"column":4},"end":{"line":59,"column":50}},"13":{"start":{"line":62,"column":2},"end":{"line":62,"column":15}},"14":{"start":{"line":65,"column":0},"end":{"line":73,"column":2}}},"fnMap":{"0":{"name":"crear","decl":{"start":{"line":3,"column":15},"end":{"line":3,"column":20}},"loc":{"start":{"line":3,"column":27},"end":{"line":5,"column":1}},"line":3},"1":{"name":"listar","decl":{"start":{"line":7,"column":15},"end":{"line":7,"column":21}},"loc":{"start":{"line":7,"column":24},"end":{"line":11,"column":1}},"line":7},"2":{"name":"listarPorTipo","decl":{"start":{"line":13,"column":15},"end":{"line":13,"column":28}},"loc":{"start":{"line":13,"column":35},"end":{"line":19,"column":1}},"line":13},"3":{"name":"listarPorHistoria","decl":{"start":{"line":21,"column":15},"end":{"line":21,"column":32}},"loc":{"start":{"line":21,"column":45},"end":{"line":27,"column":1}},"line":21},"4":{"name":"listarPorPaciente","decl":{"start":{"line":29,"column":15},"end":{"line":29,"column":32}},"loc":{"start":{"line":29,"column":45},"end":{"line":35,"column":1}},"line":29},"5":{"name":"obtenerPorId","decl":{"start":{"line":37,"column":15},"end":{"line":37,"column":27}},"loc":{"start":{"line":37,"column":32},"end":{"line":45,"column":1}},"line":37},"6":{"name":"anular","decl":{"start":{"line":47,"column":15},"end":{"line":47,"column":21}},"loc":{"start":{"line":47,"column":26},"end":{"line":63,"column":1}},"line":47}},"branchMap":{"0":{"loc":{"start":{"line":40,"column":2},"end":{"line":42,"column":3}},"type":"if","locations":[{"start":{"line":40,"column":2},"end":{"line":42,"column":3}},{"start":{},"end":{}}],"line":40},"1":{"loc":{"start":{"line":58,"column":2},"end":{"line":60,"column":3}},"type":"if","locations":[{"start":{"line":58,"column":2},"end":{"line":60,"column":3}},{"start":{},"end":{}}],"line":58}},"s":{"0":1,"1":0,"2":0,"3":0,"4":0,"5":0,"6":0,"7":0,"8":0,"9":0,"10":0,"11":0,"12":0,"13":0,"14":1},"f":{"0":0,"1":0,"2":0,"3":0,"4":0,"5":0,"6":0},"b":{"0":[0,0],"1":[0,0]},"_coverageSchema":"1a1c01bbd47fc00a2c39e90264f33305004495a9","hash":"bb6b42e38f9fe62fb2a030bb5076a7d4f84834ea"}
,"C:\\Users\\3yD3R\\Downloads\\Proyect_SaludYaOld\\Proyect_SaludYa\\backend\\utils\\jwt.js": {"path":"C:\\Users\\3yD3R\\Downloads\\Proyect_SaludYaOld\\Proyect_SaludYa\\backend\\utils\\jwt.js","statementMap":{"0":{"start":{"line":1,"column":12},"end":{"line":1,"column":35}},"1":{"start":{"line":4,"column":17},"end":{"line":4,"column":59}},"2":{"start":{"line":5,"column":2},"end":{"line":16,"column":4}},"3":{"start":{"line":19,"column":0},"end":{"line":19,"column":34}}},"fnMap":{"0":{"name":"generarToken","decl":{"start":{"line":3,"column":9},"end":{"line":3,"column":21}},"loc":{"start":{"line":3,"column":31},"end":{"line":17,"column":1}},"line":3}},"branchMap":{"0":{"loc":{"start":{"line":4,"column":17},"end":{"line":4,"column":59}},"type":"binary-expr","locations":[{"start":{"line":4,"column":17},"end":{"line":4,"column":39}},{"start":{"line":4,"column":43},"end":{"line":4,"column":59}}],"line":4},"1":{"loc":{"start":{"line":7,"column":10},"end":{"line":7,"column":28}},"type":"binary-expr","locations":[{"start":{"line":7,"column":10},"end":{"line":7,"column":21}},{"start":{"line":7,"column":25},"end":{"line":7,"column":28}}],"line":7},"2":{"loc":{"start":{"line":8,"column":16},"end":{"line":8,"column":43}},"type":"binary-expr","locations":[{"start":{"line":8,"column":16},"end":{"line":8,"column":32}},{"start":{"line":8,"column":36},"end":{"line":8,"column":43}}],"line":8},"3":{"loc":{"start":{"line":9,"column":11},"end":{"line":9,"column":49}},"type":"binary-expr","locations":[{"start":{"line":9,"column":11},"end":{"line":9,"column":30}},{"start":{"line":9,"column":34},"end":{"line":9,"column":49}}],"line":9},"4":{"loc":{"start":{"line":10,"column":14},"end":{"line":10,"column":40}},"type":"binary-expr","locations":[{"start":{"line":10,"column":14},"end":{"line":10,"column":28}},{"start":{"line":10,"column":32},"end":{"line":10,"column":40}}],"line":10},"5":{"loc":{"start":{"line":11,"column":14},"end":{"line":11,"column":41}},"type":"binary-expr","locations":[{"start":{"line":11,"column":14},"end":{"line":11,"column":28}},{"start":{"line":11,"column":32},"end":{"line":11,"column":41}}],"line":11},"6":{"loc":{"start":{"line":12,"column":16},"end":{"line":12,"column":45}},"type":"binary-expr","locations":[{"start":{"line":12,"column":16},"end":{"line":12,"column":32}},{"start":{"line":12,"column":36},"end":{"line":12,"column":45}}],"line":12}},"s":{"0":1,"1":0,"2":0,"3":1},"f":{"0":0},"b":{"0":[0,0],"1":[0,0],"2":[0,0],"3":[0,0],"4":[0,0],"5":[0,0],"6":[0,0]},"_coverageSchema":"1a1c01bbd47fc00a2c39e90264f33305004495a9","hash":"7b8dcc95eede4262b251144c8bb3a9caafb4e47c"}
,"C:\\Users\\3yD3R\\Downloads\\Proyect_SaludYaOld\\Proyect_SaludYa\\backend\\utils\\tituloUsuario.js": {"path":"C:\\Users\\3yD3R\\Downloads\\Proyect_SaludYaOld\\Proyect_SaludYa\\backend\\utils\\tituloUsuario.js","statementMap":{"0":{"start":{"line":2,"column":2},"end":{"line":2,"column":69}},"1":{"start":{"line":2,"column":32},"end":{"line":2,"column":69}},"2":{"start":{"line":3,"column":2},"end":{"line":3,"column":55}},"3":{"start":{"line":3,"column":39},"end":{"line":3,"column":55}},"4":{"start":{"line":4,"column":2},"end":{"line":4,"column":48}},"5":{"start":{"line":4,"column":34},"end":{"line":4,"column":48}},"6":{"start":{"line":5,"column":2},"end":{"line":5,"column":51}},"7":{"start":{"line":5,"column":37},"end":{"line":5,"column":51}},"8":{"start":{"line":6,"column":2},"end":{"line":6,"column":12}},"9":{"start":{"line":9,"column":0},"end":{"line":9,"column":31}}},"fnMap":{"0":{"name":"obtenerTitulo","decl":{"start":{"line":1,"column":9},"end":{"line":1,"column":22}},"loc":{"start":{"line":1,"column":42},"end":{"line":7,"column":1}},"line":1}},"branchMap":{"0":{"loc":{"start":{"line":2,"column":2},"end":{"line":2,"column":69}},"type":"if","locations":[{"start":{"line":2,"column":2},"end":{"line":2,"column":69}},{"start":{},"end":{}}],"line":2},"1":{"loc":{"start":{"line":2,"column":39},"end":{"line":2,"column":68}},"type":"cond-expr","locations":[{"start":{"line":2,"column":54},"end":{"line":2,"column":60}},{"start":{"line":2,"column":63},"end":{"line":2,"column":68}}],"line":2},"2":{"loc":{"start":{"line":3,"column":2},"end":{"line":3,"column":55}},"type":"if","locations":[{"start":{"line":3,"column":2},"end":{"line":3,"column":55}},{"start":{},"end":{}}],"line":3},"3":{"loc":{"start":{"line":4,"column":2},"end":{"line":4,"column":48}},"type":"if","locations":[{"start":{"line":4,"column":2},"end":{"line":4,"column":48}},{"start":{},"end":{}}],"line":4},"4":{"loc":{"start":{"line":5,"column":2},"end":{"line":5,"column":51}},"type":"if","locations":[{"start":{"line":5,"column":2},"end":{"line":5,"column":51}},{"start":{},"end":{}}],"line":5}},"s":{"0":0,"1":0,"2":0,"3":0,"4":0,"5":0,"6":0,"7":0,"8":0,"9":1},"f":{"0":0},"b":{"0":[0,0],"1":[0,0],"2":[0,0],"3":[0,0],"4":[0,0]},"_coverageSchema":"1a1c01bbd47fc00a2c39e90264f33305004495a9","hash":"4551244009df90733c37cbdabe2f3de506697ab5"}
}
