TN:
SF:app.js
FN:62,(anonymous_0)
FNF:1
FNH:1
FNDA:1,(anonymous_0)
DA:1,1
DA:2,1
DA:3,1
DA:5,1
DA:7,1
DA:11,1
DA:15,1
DA:19,1
DA:24,1
DA:28,1
DA:32,1
DA:36,1
DA:40,1
DA:44,1
DA:48,1
DA:52,1
DA:54,1
DA:55,1
DA:57,1
DA:62,1
DA:63,1
DA:68,1
DA:70,1
DA:72,1
DA:74,1
DA:76,1
DA:78,1
DA:80,1
DA:82,1
DA:84,1
DA:86,1
DA:88,1
DA:90,1
DA:92,1
LF:34
LH:34
BRF:0
BRH:0
end_of_record
TN:
SF:modules\admision\paciente.controller.js
FN:3,calcularEdad
FN:19,crearPaciente
FN:81,buscarPacientePorDocumento
FN:107,obtenerPacientes
FN:126,actualizarPaciente
FNF:5
FNH:1
FNDA:0,calcularEdad
FNDA:0,crearPaciente
FNDA:0,buscarPacientePorDocumento
FNDA:1,obtenerPacientes
FNDA:0,actualizarPaciente
DA:1,1
DA:4,0
DA:6,0
DA:7,0
DA:9,0
DA:10,0
DA:12,0
DA:13,0
DA:16,0
DA:20,0
DA:21,0
DA:23,0
DA:32,0
DA:38,0
DA:43,0
DA:44,0
DA:50,0
DA:52,0
DA:53,0
DA:56,0
DA:58,0
DA:64,0
DA:66,0
DA:67,0
DA:73,0
DA:82,0
DA:83,0
DA:85,0
DA:90,0
DA:91,0
DA:97,0
DA:99,0
DA:100,0
DA:108,1
DA:109,1
DA:111,0
DA:116,0
DA:118,0
DA:127,0
DA:128,0
DA:129,0
DA:131,0
DA:140,0
DA:146,0
DA:147,0
DA:150,0
DA:151,0
DA:155,0
DA:160,0
DA:161,0
DA:167,0
DA:169,0
DA:170,0
DA:176,0
DA:182,0
DA:184,0
DA:185,0
DA:191,0
DA:199,1
LF:59
LH:4
BRDA:4,0,0,0
BRDA:4,0,1,0
BRDA:12,1,0,0
BRDA:12,1,1,0
BRDA:12,2,0,0
BRDA:12,2,1,0
BRDA:12,2,2,0
BRDA:16,3,0,0
BRDA:16,3,1,0
BRDA:23,4,0,0
BRDA:23,4,1,0
BRDA:24,5,0,0
BRDA:24,5,1,0
BRDA:24,5,2,0
BRDA:24,5,3,0
BRDA:24,5,4,0
BRDA:24,5,5,0
BRDA:24,5,6,0
BRDA:43,6,0,0
BRDA:43,6,1,0
BRDA:52,7,0,0
BRDA:52,7,1,0
BRDA:66,8,0,0
BRDA:66,8,1,0
BRDA:90,9,0,0
BRDA:90,9,1,0
BRDA:131,10,0,0
BRDA:131,10,1,0
BRDA:132,11,0,0
BRDA:132,11,1,0
BRDA:132,11,2,0
BRDA:132,11,3,0
BRDA:132,11,4,0
BRDA:132,11,5,0
BRDA:132,11,6,0
BRDA:146,12,0,0
BRDA:146,12,1,0
BRDA:150,13,0,0
BRDA:150,13,1,0
BRDA:160,14,0,0
BRDA:160,14,1,0
BRDA:160,15,0,0
BRDA:160,15,1,0
BRDA:169,16,0,0
BRDA:169,16,1,0
BRDA:184,17,0,0
BRDA:184,17,1,0
BRF:47
BRH:0
end_of_record
TN:
SF:modules\admision\paciente.model.js
FNF:0
FNH:0
DA:1,1
DA:3,1
DA:57,1
DA:62,1
LF:4
LH:4
BRF:0
BRH:0
end_of_record
TN:
SF:modules\admision\paciente.routes.js
FNF:0
FNH:0
DA:1,1
DA:2,1
DA:5,1
DA:8,1
DA:11,1
DA:17,1
DA:19,1
LF:7
LH:7
BRF:0
BRH:0
end_of_record
TN:
SF:modules\admision\paciente.service.js
FN:3,(anonymous_0)
FN:5,(anonymous_1)
FN:8,(anonymous_2)
FN:14,(anonymous_3)
FNF:4
FNH:1
FNDA:0,(anonymous_0)
FNDA:1,(anonymous_1)
FNDA:0,(anonymous_2)
FNDA:0,(anonymous_3)
DA:1,1
DA:3,1
DA:5,1
DA:6,1
DA:8,1
DA:9,0
DA:14,1
DA:15,0
DA:20,1
LF:9
LH:7
BRF:0
BRH:0
end_of_record
TN:
SF:modules\auth\auth.controller.js
FN:4,(anonymous_0)
FNF:1
FNH:0
FNDA:0,(anonymous_0)
DA:1,1
DA:2,1
DA:4,1
DA:5,0
DA:6,0
DA:8,0
DA:9,0
DA:15,0
DA:17,0
LF:9
LH:3
BRDA:8,0,0,0
BRDA:8,0,1,0
BRF:2
BRH:0
end_of_record
TN:
SF:modules\auth\auth.routes.js
FNF:0
FNH:0
DA:1,1
DA:2,1
DA:4,1
DA:6,1
LF:4
LH:4
BRF:0
BRH:0
end_of_record
TN:
SF:modules\citas\cita.controller.js
FN:3,(anonymous_0)
FN:19,(anonymous_1)
FN:37,(anonymous_2)
FN:56,(anonymous_3)
FN:76,(anonymous_4)
FNF:5
FNH:0
FNDA:0,(anonymous_0)
FNDA:0,(anonymous_1)
FNDA:0,(anonymous_2)
FNDA:0,(anonymous_3)
FNDA:0,(anonymous_4)
DA:1,1
DA:3,1
DA:4,0
DA:5,0
DA:7,0
DA:12,0
DA:19,1
DA:20,0
DA:21,0
DA:23,0
DA:25,0
DA:30,0
DA:37,1
DA:38,0
DA:39,0
DA:44,0
DA:49,0
DA:56,1
DA:57,0
DA:58,0
DA:64,0
DA:69,0
DA:76,1
DA:78,0
DA:80,0
DA:85,0
DA:92,0
LF:27
LH:6
BRF:0
BRH:0
end_of_record
TN:
SF:modules\citas\cita.model.js
FNF:0
FNH:0
DA:1,1
DA:3,1
DA:71,1
LF:3
LH:3
BRF:0
BRH:0
end_of_record
TN:
SF:modules\citas\cita.routes.js
FNF:0
FNH:0
DA:1,1
DA:3,1
DA:5,1
DA:7,1
DA:9,1
DA:11,1
DA:12,1
DA:13,1
LF:8
LH:8
BRF:0
BRH:0
end_of_record
TN:
SF:modules\citas\cita.service.js
FN:3,(anonymous_0)
FN:18,(anonymous_1)
FN:26,(anonymous_2)
FN:34,(anonymous_3)
FN:64,(anonymous_4)
FNF:5
FNH:0
FNDA:0,(anonymous_0)
FNDA:0,(anonymous_1)
FNDA:0,(anonymous_2)
FNDA:0,(anonymous_3)
FNDA:0,(anonymous_4)
DA:1,1
DA:3,1
DA:4,0
DA:11,0
DA:12,0
DA:15,0
DA:18,1
DA:19,0
DA:20,0
DA:23,0
DA:26,1
DA:27,0
DA:34,1
DA:35,0
DA:37,0
DA:38,0
DA:41,0
DA:49,0
DA:50,0
DA:53,0
DA:64,1
DA:66,0
DA:74,0
DA:75,0
DA:80,0
LF:25
LH:6
BRDA:11,0,0,0
BRDA:11,0,1,0
BRDA:19,1,0,0
BRDA:19,1,1,0
BRDA:37,2,0,0
BRDA:37,2,1,0
BRDA:49,3,0,0
BRDA:49,3,1,0
BRDA:74,4,0,0
BRDA:74,4,1,0
BRF:10
BRH:0
end_of_record
TN:
SF:modules\configuracion\usuario.controller.js
FN:4,(anonymous_0)
FN:95,(anonymous_1)
FN:112,(anonymous_2)
FN:144,(anonymous_3)
FN:181,(anonymous_4)
FN:217,(anonymous_5)
FNF:6
FNH:0
FNDA:0,(anonymous_0)
FNDA:0,(anonymous_1)
FNDA:0,(anonymous_2)
FNDA:0,(anonymous_3)
FNDA:0,(anonymous_4)
FNDA:0,(anonymous_5)
DA:1,1
DA:2,1
DA:4,1
DA:5,0
DA:17,0
DA:19,0
DA:28,0
DA:34,0
DA:35,0
DA:41,0
DA:43,0
DA:44,0
DA:50,0
DA:52,0
DA:53,0
DA:59,0
DA:61,0
DA:74,0
DA:80,0
DA:81,0
DA:87,0
DA:95,1
DA:96,0
DA:97,0
DA:99,0
DA:104,0
DA:112,1
DA:113,0
DA:114,0
DA:116,0
DA:118,0
DA:119,0
DA:125,0
DA:126,0
DA:128,0
DA:136,0
DA:144,1
DA:145,0
DA:146,0
DA:147,0
DA:149,0
DA:150,0
DA:156,0
DA:158,0
DA:159,0
DA:165,0
DA:166,0
DA:168,0
DA:173,0
DA:181,1
DA:182,0
DA:184,0
DA:186,0
DA:188,0
DA:189,0
DA:195,0
DA:197,0
DA:199,0
DA:207,0
DA:217,1
DA:218,0
DA:220,0
DA:222,0
DA:229,0
LF:64
LH:8
BRDA:19,0,0,0
BRDA:19,0,1,0
BRDA:20,1,0,0
BRDA:20,1,1,0
BRDA:20,1,2,0
BRDA:20,1,3,0
BRDA:20,1,4,0
BRDA:20,1,5,0
BRDA:20,1,6,0
BRDA:34,2,0,0
BRDA:34,2,1,0
BRDA:43,3,0,0
BRDA:43,3,1,0
BRDA:52,4,0,0
BRDA:52,4,1,0
BRDA:64,5,0,0
BRDA:64,5,1,0
BRDA:67,6,0,0
BRDA:67,6,1,0
BRDA:71,7,0,0
BRDA:71,7,1,0
BRDA:80,8,0,0
BRDA:80,8,1,0
BRDA:118,9,0,0
BRDA:118,9,1,0
BRDA:130,10,0,0
BRDA:130,10,1,0
BRDA:149,11,0,0
BRDA:149,11,1,0
BRDA:149,12,0,0
BRDA:149,12,1,0
BRDA:158,13,0,0
BRDA:158,13,1,0
BRDA:188,14,0,0
BRDA:188,14,1,0
BRF:35
BRH:0
end_of_record
TN:
SF:modules\configuracion\usuario.model.js
FNF:0
FNH:0
DA:1,1
DA:3,1
DA:65,1
LF:3
LH:3
BRF:0
BRH:0
end_of_record
TN:
SF:modules\configuracion\usuario.routes.js
FNF:0
FNH:0
DA:1,1
DA:2,1
DA:4,1
DA:5,1
DA:6,1
DA:8,1
DA:9,1
DA:11,1
DA:16,1
LF:9
LH:9
BRF:0
BRH:0
end_of_record
TN:
SF:modules\configuracion\usuario.service.js
FN:3,(anonymous_0)
FN:5,(anonymous_1)
FN:7,(anonymous_2)
FN:13,(anonymous_3)
FN:16,(anonymous_4)
FN:19,(anonymous_5)
FN:21,(anonymous_6)
FNF:7
FNH:0
FNDA:0,(anonymous_0)
FNDA:0,(anonymous_1)
FNDA:0,(anonymous_2)
FNDA:0,(anonymous_3)
FNDA:0,(anonymous_4)
FNDA:0,(anonymous_5)
FNDA:0,(anonymous_6)
DA:1,1
DA:3,1
DA:5,1
DA:7,1
DA:8,0
DA:13,1
DA:14,0
DA:16,1
DA:17,0
DA:19,1
DA:21,1
DA:22,0
LF:12
LH:8
BRF:0
BRH:0
end_of_record
TN:
SF:modules\configuracion\laboratorio\laboratorio.controller.js
FN:3,crear
FN:20,obtener
FN:36,actualizar
FN:56,cambiarEstado
FNF:4
FNH:0
FNDA:0,crear
FNDA:0,obtener
FNDA:0,actualizar
FNDA:0,cambiarEstado
DA:1,1
DA:4,0
DA:5,0
DA:7,0
DA:13,0
DA:21,0
DA:22,0
DA:24,0
DA:29,0
DA:37,0
DA:38,0
DA:43,0
DA:49,0
DA:57,0
DA:58,0
DA:60,0
DA:68,0
DA:75,1
LF:18
LH:2
BRDA:63,0,0,0
BRDA:63,0,1,0
BRF:2
BRH:0
end_of_record
TN:
SF:modules\configuracion\laboratorio\laboratorio.model.js
FNF:0
FNH:0
DA:1,1
DA:3,1
DA:35,1
LF:3
LH:3
BRF:0
BRH:0
end_of_record
TN:
SF:modules\configuracion\laboratorio\laboratorio.routes.js
FNF:0
FNH:0
DA:1,1
DA:3,1
DA:5,1
DA:7,1
DA:9,1
DA:11,1
DA:14,1
LF:7
LH:7
BRF:0
BRH:0
end_of_record
TN:
SF:modules\configuracion\laboratorio\laboratorio.service.js
FN:3,crearLaboratorio
FN:15,obtenerLaboratorios
FN:21,actualizarLaboratorio
FN:47,cambiarEstadoLaboratorio
FNF:4
FNH:0
FNDA:0,crearLaboratorio
FNDA:0,obtenerLaboratorios
FNDA:0,actualizarLaboratorio
FNDA:0,cambiarEstadoLaboratorio
DA:1,1
DA:4,0
DA:8,0
DA:9,0
DA:12,0
DA:16,0
DA:22,0
DA:24,0
DA:25,0
DA:28,0
DA:33,0
DA:34,0
DA:37,0
DA:38,0
DA:39,0
DA:40,0
DA:42,0
DA:44,0
DA:48,0
DA:50,0
DA:51,0
DA:54,0
DA:56,0
DA:58,0
DA:61,1
LF:25
LH:2
BRDA:8,0,0,0
BRDA:8,0,1,0
BRDA:24,1,0,0
BRDA:24,1,1,0
BRDA:33,2,0,0
BRDA:33,2,1,0
BRDA:50,3,0,0
BRDA:50,3,1,0
BRF:8
BRH:0
end_of_record
TN:
SF:modules\configuracion\medicamentos\medicamento.controller.js
FN:5,crear
FN:32,obtener
FN:55,actualizar
FN:83,cambiarEstado
FNF:4
FNH:0
FNDA:0,crear
FNDA:0,obtener
FNDA:0,actualizar
FNDA:0,cambiarEstado
DA:1,1
DA:7,0
DA:10,0
DA:14,0
DA:23,0
DA:34,0
DA:37,0
DA:39,0
DA:46,0
DA:57,0
DA:60,0
DA:65,0
DA:74,0
DA:85,0
DA:88,0
DA:92,0
DA:104,0
DA:113,1
LF:18
LH:2
BRDA:97,0,0,0
BRDA:97,0,1,0
BRF:2
BRH:0
end_of_record
TN:
SF:modules\configuracion\medicamentos\medicamento.model.js
FNF:0
FNH:0
DA:1,1
DA:3,1
DA:51,1
LF:3
LH:3
BRF:0
BRH:0
end_of_record
TN:
SF:modules\configuracion\medicamentos\medicamento.routes.js
FNF:0
FNH:0
DA:2,1
DA:5,1
DA:9,1
DA:14,1
DA:19,1
DA:24,1
DA:29,1
LF:7
LH:7
BRF:0
BRH:0
end_of_record
TN:
SF:modules\configuracion\medicamentos\medicamento.service.js
FN:3,crearMedicamento
FN:16,obtenerMedicamentos
FN:24,actualizarMedicamento
FN:74,cambiarEstadoMedicamento
FNF:4
FNH:0
FNDA:0,crearMedicamento
FNDA:0,obtenerMedicamentos
FNDA:0,actualizarMedicamento
FNDA:0,cambiarEstadoMedicamento
DA:1,1
DA:5,0
DA:9,0
DA:10,0
DA:13,0
DA:18,0
DA:27,0
DA:29,0
DA:30,0
DA:36,0
DA:41,0
DA:42,0
DA:47,0
DA:50,0
DA:53,0
DA:56,0
DA:59,0
DA:62,0
DA:65,0
DA:68,0
DA:70,0
DA:77,0
DA:79,0
DA:80,0
DA:85,0
DA:88,0
DA:90,0
DA:94,1
LF:28
LH:2
BRDA:9,0,0,0
BRDA:9,0,1,0
BRDA:29,1,0,0
BRDA:29,1,1,0
BRDA:41,2,0,0
BRDA:41,2,1,0
BRDA:79,3,0,0
BRDA:79,3,1,0
BRF:8
BRH:0
end_of_record
TN:
SF:modules\configuracion\procedimientos\procedimiento.controller.js
FN:3,crear
FN:20,obtener
FN:36,actualizar
FN:56,cambiarEstado
FNF:4
FNH:0
FNDA:0,crear
FNDA:0,obtener
FNDA:0,actualizar
FNDA:0,cambiarEstado
DA:1,1
DA:4,0
DA:5,0
DA:7,0
DA:13,0
DA:21,0
DA:22,0
DA:24,0
DA:29,0
DA:37,0
DA:38,0
DA:43,0
DA:49,0
DA:57,0
DA:58,0
DA:60,0
DA:68,0
DA:75,1
LF:18
LH:2
BRDA:63,0,0,0
BRDA:63,0,1,0
BRF:2
BRH:0
end_of_record
TN:
SF:modules\configuracion\procedimientos\procedimiento.model.js
FNF:0
FNH:0
DA:1,1
DA:3,1
DA:35,1
LF:3
LH:3
BRF:0
BRH:0
end_of_record
TN:
SF:modules\configuracion\procedimientos\procedimiento.routes.js
FNF:0
FNH:0
DA:1,1
DA:3,1
DA:5,1
DA:7,1
DA:9,1
DA:11,1
DA:13,1
LF:7
LH:7
BRF:0
BRH:0
end_of_record
TN:
SF:modules\configuracion\procedimientos\procedimiento.service.js
FN:3,crearProcedimiento
FN:21,obtenerProcedimientos
FN:30,actualizarProcedimiento
FN:74,cambiarEstadoProcedimiento
FNF:4
FNH:0
FNDA:0,crearProcedimiento
FNDA:0,obtenerProcedimientos
FNDA:0,actualizarProcedimiento
FNDA:0,cambiarEstadoProcedimiento
DA:1,1
DA:6,0
DA:10,0
DA:11,0
DA:16,0
DA:23,0
DA:36,0
DA:38,0
DA:39,0
DA:45,0
DA:50,0
DA:51,0
DA:56,0
DA:59,0
DA:62,0
DA:65,0
DA:68,0
DA:70,0
DA:79,0
DA:81,0
DA:82,0
DA:87,0
DA:90,0
DA:92,0
DA:96,1
LF:25
LH:2
BRDA:10,0,0,0
BRDA:10,0,1,0
BRDA:38,1,0,0
BRDA:38,1,1,0
BRDA:50,2,0,0
BRDA:50,2,1,0
BRDA:81,3,0,0
BRDA:81,3,1,0
BRF:8
BRH:0
end_of_record
TN:
SF:modules\configuracion\tiposConsulta\tipoConsulta.controller.js
FN:5,crear
FN:35,obtener
FN:61,actualizar
FN:92,cambiarEstado
FNF:4
FNH:0
FNDA:0,crear
FNDA:0,obtener
FNDA:0,actualizar
FNDA:0,cambiarEstado
DA:1,1
DA:10,0
DA:13,0
DA:17,0
DA:26,0
DA:40,0
DA:43,0
DA:45,0
DA:52,0
DA:66,0
DA:69,0
DA:74,0
DA:83,0
DA:97,0
DA:100,0
DA:104,0
DA:116,0
DA:125,1
LF:18
LH:2
BRDA:109,0,0,0
BRDA:109,0,1,0
BRF:2
BRH:0
end_of_record
TN:
SF:modules\configuracion\tiposConsulta\tipoConsulta.model.js
FNF:0
FNH:0
DA:1,1
DA:4,1
DA:35,1
LF:3
LH:3
BRF:0
BRH:0
end_of_record
TN:
SF:modules\configuracion\tiposConsulta\tipoConsulta.routes.js
FNF:0
FNH:0
DA:2,1
DA:5,1
DA:9,1
DA:14,1
DA:19,1
DA:24,1
DA:29,1
LF:7
LH:7
BRF:0
BRH:0
end_of_record
TN:
SF:modules\configuracion\tiposConsulta\tipoConsulta.service.js
FN:5,crearTipoConsulta
FN:25,obtenerTiposConsulta
FN:34,actualizarTipoConsulta
FN:78,cambiarEstadoTipoConsulta
FNF:4
FNH:0
FNDA:0,crearTipoConsulta
FNDA:0,obtenerTiposConsulta
FNDA:0,actualizarTipoConsulta
FNDA:0,cambiarEstadoTipoConsulta
DA:1,1
DA:10,0
DA:14,0
DA:15,0
DA:20,0
DA:27,0
DA:40,0
DA:42,0
DA:43,0
DA:49,0
DA:54,0
DA:55,0
DA:60,0
DA:63,0
DA:66,0
DA:69,0
DA:72,0
DA:74,0
DA:83,0
DA:85,0
DA:86,0
DA:91,0
DA:94,0
DA:96,0
DA:100,1
LF:25
LH:2
BRDA:14,0,0,0
BRDA:14,0,1,0
BRDA:42,1,0,0
BRDA:42,1,1,0
BRDA:54,2,0,0
BRDA:54,2,1,0
BRDA:85,3,0,0
BRDA:85,3,1,0
BRF:8
BRH:0
end_of_record
TN:
SF:modules\documentos\documento.controller.js
FN:3,(anonymous_0)
FN:8,(anonymous_1)
FN:13,(anonymous_2)
FNF:3
FNH:1
FNDA:0,(anonymous_0)
FNDA:0,(anonymous_1)
FNDA:1,(anonymous_2)
DA:1,1
DA:3,1
DA:4,0
DA:5,0
DA:8,1
DA:9,0
DA:10,0
DA:13,1
DA:14,1
DA:15,1
DA:16,0
LF:11
LH:6
BRF:0
BRH:0
end_of_record
TN:
SF:modules\documentos\documento.model.js
FNF:0
FNH:0
DA:1,1
DA:3,1
DA:13,1
LF:3
LH:3
BRF:0
BRH:0
end_of_record
TN:
SF:modules\documentos\documento.routes.js
FNF:0
FNH:0
DA:1,1
DA:2,1
DA:4,1
DA:5,1
DA:6,1
DA:8,1
LF:6
LH:6
BRF:0
BRH:0
end_of_record
TN:
SF:modules\documentos\documento.service.js
FN:3,(anonymous_0)
FN:4,(anonymous_1)
FN:5,(anonymous_2)
FNF:3
FNH:1
FNDA:0,(anonymous_0)
FNDA:0,(anonymous_1)
FNDA:1,(anonymous_2)
DA:1,1
DA:3,1
DA:4,1
DA:5,1
DA:6,1
LF:5
LH:5
BRF:0
BRH:0
end_of_record
TN:
SF:modules\facturacion\factura.controller.js
FN:3,crearFactura
FN:20,obtenerFacturas
FN:36,obtenerFacturaPorId
FN:52,obtenerFacturasPorPaciente
FN:68,cambiarEstadoFactura
FNF:5
FNH:0
FNDA:0,crearFactura
FNDA:0,obtenerFacturas
FNDA:0,obtenerFacturaPorId
FNDA:0,obtenerFacturasPorPaciente
FNDA:0,cambiarEstadoFactura
DA:1,1
DA:4,0
DA:5,0
DA:7,0
DA:13,0
DA:21,0
DA:22,0
DA:24,0
DA:29,0
DA:37,0
DA:38,0
DA:40,0
DA:45,0
DA:53,0
DA:54,0
DA:56,0
DA:61,0
DA:69,0
DA:70,0
DA:75,0
DA:81,0
DA:88,1
LF:22
LH:2
BRF:0
BRH:0
end_of_record
TN:
SF:modules\facturacion\factura.model.js
FN:73,(anonymous_0)
FNF:1
FNH:0
FNDA:0,(anonymous_0)
DA:1,1
DA:3,1
DA:73,0
DA:82,1
LF:4
LH:3
BRF:0
BRH:0
end_of_record
TN:
SF:modules\facturacion\factura.routes.js
FNF:0
FNH:0
DA:1,1
DA:3,1
DA:5,1
DA:7,1
DA:9,1
DA:14,1
DA:16,1
DA:21,1
LF:8
LH:8
BRF:0
BRH:0
end_of_record
TN:
SF:modules\facturacion\factura.service.js
FN:8,generarNumeroFactura
FN:13,formatoMoneda
FN:17,generarPDF
FN:148,dibujarEncabezadoTabla
FN:166,(anonymous_4)
FN:242,crear
FN:247,(anonymous_6)
FN:263,(anonymous_7)
FN:292,listar
FN:296,obtenerPorId
FN:306,listarPorPaciente
FN:310,cambiarEstado
FNF:12
FNH:0
FNDA:0,generarNumeroFactura
FNDA:0,formatoMoneda
FNDA:0,generarPDF
FNDA:0,dibujarEncabezadoTabla
FNDA:0,(anonymous_4)
FNDA:0,crear
FNDA:0,(anonymous_6)
FNDA:0,(anonymous_7)
FNDA:0,listar
FNDA:0,obtenerPorId
FNDA:0,listarPorPaciente
FNDA:0,cambiarEstado
DA:1,1
DA:2,1
DA:3,1
DA:5,1
DA:6,1
DA:9,0
DA:10,0
DA:14,0
DA:18,0
DA:20,0
DA:21,0
DA:28,0
DA:29,0
DA:32,0
DA:33,0
DA:35,0
DA:37,0
DA:42,0
DA:44,0
DA:45,0
DA:46,0
DA:48,0
DA:50,0
DA:51,0
DA:54,0
DA:60,0
DA:65,0
DA:73,0
DA:78,0
DA:88,0
DA:90,0
DA:94,0
DA:100,0
DA:127,0
DA:129,0
DA:135,0
DA:137,0
DA:138,0
DA:146,0
DA:149,0
DA:151,0
DA:161,0
DA:164,0
DA:166,0
DA:167,0
DA:168,0
DA:169,0
DA:170,0
DA:173,0
DA:174,0
DA:175,0
DA:177,0
DA:181,0
DA:193,0
DA:196,0
DA:198,0
DA:199,0
DA:200,0
DA:203,0
DA:205,0
DA:211,0
DA:221,0
DA:223,0
DA:228,0
DA:237,0
DA:239,0
DA:243,0
DA:244,0
DA:246,0
DA:248,0
DA:249,0
DA:251,0
DA:262,0
DA:263,0
DA:267,0
DA:277,0
DA:279,0
DA:289,0
DA:293,0
DA:297,0
DA:299,0
DA:300,0
DA:303,0
DA:307,0
DA:311,0
DA:317,0
DA:318,0
DA:321,0
DA:324,1
LF:89
LH:6
BRDA:14,0,0,0
BRDA:14,0,1,0
BRDA:28,1,0,0
BRDA:28,1,1,0
BRDA:50,2,0,0
BRDA:50,2,1,0
BRDA:79,3,0,0
BRDA:79,3,1,0
BRDA:104,4,0,0
BRDA:104,4,1,0
BRDA:106,5,0,0
BRDA:106,5,1,0
BRDA:107,6,0,0
BRDA:107,6,1,0
BRDA:114,7,0,0
BRDA:114,7,1,0
BRDA:120,8,0,0
BRDA:120,8,1,0
BRDA:125,9,0,0
BRDA:125,9,1,0
BRDA:167,10,0,0
BRDA:167,10,1,0
BRDA:173,11,0,0
BRDA:173,11,1,0
BRDA:179,12,0,0
BRDA:179,12,1,0
BRDA:185,13,0,0
BRDA:185,13,1,0
BRDA:187,14,0,0
BRDA:187,14,1,0
BRDA:198,15,0,0
BRDA:198,15,1,0
BRDA:246,16,0,0
BRDA:246,16,1,0
BRDA:248,17,0,0
BRDA:248,17,1,0
BRDA:249,18,0,0
BRDA:249,18,1,0
BRDA:252,19,0,0
BRDA:252,19,1,0
BRDA:253,20,0,0
BRDA:253,20,1,0
BRDA:254,21,0,0
BRDA:254,21,1,0
BRDA:263,22,0,0
BRDA:263,22,1,0
BRDA:272,23,0,0
BRDA:272,23,1,0
BRDA:273,24,0,0
BRDA:273,24,1,0
BRDA:274,25,0,0
BRDA:274,25,1,0
BRDA:281,26,0,0
BRDA:281,26,1,0
BRDA:282,27,0,0
BRDA:282,27,1,0
BRDA:299,28,0,0
BRDA:299,28,1,0
BRDA:317,29,0,0
BRDA:317,29,1,0
BRF:60
BRH:0
end_of_record
TN:
SF:modules\historiaClinica\historia.controller.js
FN:3,crearHistoria
FN:20,obtenerHistorias
FN:36,obtenerHistoriasPorPaciente
FN:54,obtenerHistoriaPorId
FN:69,actualizarHistoria
FN:89,finalizarHistoria
FNF:6
FNH:0
FNDA:0,crearHistoria
FNDA:0,obtenerHistorias
FNDA:0,obtenerHistoriasPorPaciente
FNDA:0,obtenerHistoriaPorId
FNDA:0,actualizarHistoria
FNDA:0,finalizarHistoria
DA:1,1
DA:4,0
DA:5,0
DA:7,0
DA:13,0
DA:21,0
DA:22,0
DA:24,0
DA:29,0
DA:37,0
DA:38,0
DA:42,0
DA:47,0
DA:55,0
DA:56,0
DA:58,0
DA:63,0
DA:70,0
DA:71,0
DA:76,0
DA:82,0
DA:90,0
DA:91,0
DA:95,0
DA:101,0
DA:108,1
LF:26
LH:2
BRF:0
BRH:0
end_of_record
TN:
SF:modules\historiaClinica\historia.model.js
FNF:0
FNH:0
DA:1,1
DA:3,1
DA:118,1
LF:3
LH:3
BRF:0
BRH:0
end_of_record
TN:
SF:modules\historiaClinica\historia.routes.js
FNF:0
FNH:0
DA:1,1
DA:3,1
DA:7,1
DA:12,1
DA:17,1
DA:22,1
DA:26,1
DA:31,1
DA:36,1
LF:9
LH:9
BRF:0
BRH:0
end_of_record
TN:
SF:modules\historiaClinica\historia.service.js
FN:4,generarNumeroHistoria
FN:10,crear
FN:57,listar
FN:63,listarPorPaciente
FN:71,obtenerPorId
FN:80,actualizar
FN:93,finalizar
FNF:7
FNH:0
FNDA:0,generarNumeroHistoria
FNDA:0,crear
FNDA:0,listar
FNDA:0,listarPorPaciente
FNDA:0,obtenerPorId
FNDA:0,actualizar
FNDA:0,finalizar
DA:1,1
DA:2,1
DA:5,0
DA:7,0
DA:11,0
DA:15,0
DA:16,0
DA:19,0
DA:25,0
DA:27,0
DA:29,0
DA:31,0
DA:44,0
DA:54,0
DA:58,0
DA:64,0
DA:72,0
DA:74,0
DA:75,0
DA:78,0
DA:81,0
DA:86,0
DA:87,0
DA:90,0
DA:94,0
DA:104,0
DA:105,0
DA:108,0
DA:111,1
LF:29
LH:3
BRDA:15,0,0,0
BRDA:15,0,1,0
BRDA:36,1,0,0
BRDA:36,1,1,0
BRDA:74,2,0,0
BRDA:74,2,1,0
BRDA:86,3,0,0
BRDA:86,3,1,0
BRDA:104,4,0,0
BRDA:104,4,1,0
BRF:10
BRH:0
end_of_record
TN:
SF:modules\ordenesMedicas\orden.controller.js
FN:3,crearOrden
FN:20,obtenerOrdenes
FN:36,obtenerOrdenesPorTipo
FN:52,obtenerOrdenesPorHistoria
FN:68,obtenerOrdenesPorPaciente
FN:84,obtenerOrdenPorId
FN:100,anularOrden
FNF:7
FNH:0
FNDA:0,crearOrden
FNDA:0,obtenerOrdenes
FNDA:0,obtenerOrdenesPorTipo
FNDA:0,obtenerOrdenesPorHistoria
FNDA:0,obtenerOrdenesPorPaciente
FNDA:0,obtenerOrdenPorId
FNDA:0,anularOrden
DA:1,1
DA:4,0
DA:5,0
DA:7,0
DA:13,0
DA:21,0
DA:22,0
DA:24,0
DA:29,0
DA:37,0
DA:38,0
DA:40,0
DA:45,0
DA:53,0
DA:54,0
DA:56,0
DA:61,0
DA:69,0
DA:70,0
DA:72,0
DA:77,0
DA:85,0
DA:86,0
DA:88,0
DA:93,0
DA:101,0
DA:102,0
DA:104,0
DA:110,0
DA:117,1
LF:30
LH:2
BRF:0
BRH:0
end_of_record
TN:
SF:modules\ordenesMedicas\orden.model.js
FN:84,(anonymous_0)
FNF:1
FNH:0
FNDA:0,(anonymous_0)
DA:1,1
DA:3,1
DA:84,0
DA:93,1
LF:4
LH:3
BRF:0
BRH:0
end_of_record
TN:
SF:modules\ordenesMedicas\orden.routes.js
FNF:0
FNH:0
DA:1,1
DA:3,1
DA:5,1
DA:7,1
DA:9,1
DA:11,1
DA:13,1
DA:15,1
DA:17,1
DA:19,1
LF:10
LH:10
BRF:0
BRH:0
end_of_record
TN:
SF:modules\ordenesMedicas\orden.service.js
FN:3,crear
FN:7,listar
FN:13,listarPorTipo
FN:21,listarPorHistoria
FN:29,listarPorPaciente
FN:37,obtenerPorId
FN:47,anular
FNF:7
FNH:0
FNDA:0,crear
FNDA:0,listar
FNDA:0,listarPorTipo
FNDA:0,listarPorHistoria
FNDA:0,listarPorPaciente
FNDA:0,obtenerPorId
FNDA:0,anular
DA:1,1
DA:4,0
DA:8,0
DA:14,0
DA:22,0
DA:30,0
DA:38,0
DA:40,0
DA:41,0
DA:44,0
DA:48,0
DA:58,0
DA:59,0
DA:62,0
DA:65,1
LF:15
LH:2
BRDA:40,0,0,0
BRDA:40,0,1,0
BRDA:58,1,0,0
BRDA:58,1,1,0
BRF:4
BRH:0
end_of_record
TN:
SF:utils\jwt.js
FN:3,generarToken
FNF:1
FNH:0
FNDA:0,generarToken
DA:1,1
DA:4,0
DA:5,0
DA:19,1
LF:4
LH:2
BRDA:4,0,0,0
BRDA:4,0,1,0
BRDA:7,1,0,0
BRDA:7,1,1,0
BRDA:8,2,0,0
BRDA:8,2,1,0
BRDA:9,3,0,0
BRDA:9,3,1,0
BRDA:10,4,0,0
BRDA:10,4,1,0
BRDA:11,5,0,0
BRDA:11,5,1,0
BRDA:12,6,0,0
BRDA:12,6,1,0
BRF:14
BRH:0
end_of_record
TN:
SF:utils\tituloUsuario.js
FN:1,obtenerTitulo
FNF:1
FNH:0
FNDA:0,obtenerTitulo
DA:2,0
DA:3,0
DA:4,0
DA:5,0
DA:6,0
DA:9,1
LF:6
LH:1
BRDA:2,0,0,0
BRDA:2,0,1,0
BRDA:2,1,0,0
BRDA:2,1,1,0
BRDA:3,2,0,0
BRDA:3,2,1,0
BRDA:4,3,0,0
BRDA:4,3,1,0
BRDA:5,4,0,0
BRDA:5,4,1,0
BRF:10
BRH:0
end_of_record
